#-----------------------------------------------------------
# Vivado v2018.3 (64-bit)
# SW Build 2405991 on Thu Dec  6 23:38:27 MST 2018
# IP Build 2404404 on Fri Dec  7 01:43:56 MST 2018
# Start of session at: Mon Jan 13 02:49:24 2025
# Process ID: 13400
# Current directory: D:/ProgramasDoctorado/propuestadesdecero
# Command line: vivado.exe -gui_launcher_event rodinguilauncherevent17376 D:\ProgramasDoctorado\propuestadesdecero\propuestadesdecero.xpr
# Log file: D:/ProgramasDoctorado/propuestadesdecero/vivado.log
# Journal file: D:/ProgramasDoctorado/propuestadesdecero\vivado.jou
#-----------------------------------------------------------
start_gui
open_project D:/ProgramasDoctorado/propuestadesdecero/propuestadesdecero.xpr
INFO: [Project 1-313] Project file moved from '/home/diego/propuestadesdecero' since last save.
Scanning sources...
Finished scanning sources
CRITICAL WARNING: [Board 49-67] The board_part definition was not found for tul.com.tw:pynq-z2:part0:1.0. This can happen sometimes when you use custom board part. You can resolve this issue by setting 'board.repoPaths' parameter, pointing to the location of custom board files. Valid board_part values can be retrieved with the 'get_board_parts' Tcl command.
INFO: [IP_Flow 19-234] Refreshing IP repositories
INFO: [IP_Flow 19-1704] No user IP repositories specified
INFO: [IP_Flow 19-2313] Loaded Vivado IP repository 'C:/Xilinx/Vivado/2018.3/data/ip'.
open_project: Time (s): cpu = 00:00:06 ; elapsed = 00:00:07 . Memory (MB): peak = 716.082 ; gain = 126.977
update_compile_order -fileset sources_1
exit
INFO: [Common 17-206] Exiting Vivado at Mon Jan 13 02:54:23 2025...
