#-----------------------------------------------------------
# Vivado v2018.3 (64-bit)
# SW Build 2405991 on Thu Dec  6 23:38:27 MST 2018
# IP Build 2404404 on Fri Dec  7 01:43:56 MST 2018
# Start of session at: Fri Jan 24 22:29:50 2025
# Process ID: 7644
# Current directory: D:/ProgramasDoctorado/propuestadesdecero
# Command line: vivado.exe -gui_launcher_event rodinguilauncherevent2056 D:\ProgramasDoctorado\propuestadesdecero\propuestadesdecero.xpr
# Log file: D:/ProgramasDoctorado/propuestadesdecero/vivado.log
# Journal file: D:/ProgramasDoctorado/propuestadesdecero\vivado.jou
#-----------------------------------------------------------
start_gui
open_project D:/ProgramasDoctorado/propuestadesdecero/propuestadesdecero.xpr
Scanning sources...
Finished scanning sources
INFO: [IP_Flow 19-234] Refreshing IP repositories
INFO: [IP_Flow 19-1704] No user IP repositories specified
INFO: [IP_Flow 19-2313] Loaded Vivado IP repository 'C:/Xilinx/Vivado/2018.3/data/ip'.
update_compile_order -fileset sources_1
exit
INFO: [Common 17-206] Exiting Vivado at Fri Jan 24 22:30:15 2025...
