Vivado Simulator 2018.3
Time resolution is 1 ps
Note: End of pixel file
Time: 115910 ns  Iteration: 1  Process: /testbench_top_hog/romX  File: D:/ProgramasDoctorado/propuestadesdecero/propuestadesdecero.srcs/sim_1/new/test_Fifo.vhd
Note: End of pixel file
Time: 115920 ns  Iteration: 1  Process: /testbench_top_hog/romX  File: D:/ProgramasDoctorado/propuestadesdecero/propuestadesdecero.srcs/sim_1/new/test_Fifo.vhd
Note: End of pixel file
Time: 115930 ns  Iteration: 1  Process: /testbench_top_hog/romX  File: D:/ProgramasDoctorado/propuestadesdecero/propuestadesdecero.srcs/sim_1/new/test_Fifo.vhd
Note: End of pixel file
Time: 115940 ns  Iteration: 1  Process: /testbench_top_hog/romX  File: D:/ProgramasDoctorado/propuestadesdecero/propuestadesdecero.srcs/sim_1/new/test_Fifo.vhd
Note: End of pixel file
Time: 115950 ns  Iteration: 1  Process: /testbench_top_hog/romX  File: D:/ProgramasDoctorado/propuestadesdecero/propuestadesdecero.srcs/sim_1/new/test_Fifo.vhd
Note: End of pixel file
Time: 115960 ns  Iteration: 1  Process: /testbench_top_hog/romX  File: D:/ProgramasDoctorado/propuestadesdecero/propuestadesdecero.srcs/sim_1/new/test_Fifo.vhd
Note: End of pixel file
Time: 115970 ns  Iteration: 1  Process: /testbench_top_hog/romX  File: D:/ProgramasDoctorado/propuestadesdecero/propuestadesdecero.srcs/sim_1/new/test_Fifo.vhd
Note: End of pixel file
Time: 115980 ns  Iteration: 1  Process: /testbench_top_hog/romX  File: D:/ProgramasDoctorado/propuestadesdecero/propuestadesdecero.srcs/sim_1/new/test_Fifo.vhd
Note: End of pixel file
Time: 115990 ns  Iteration: 1  Process: /testbench_top_hog/romX  File: D:/ProgramasDoctorado/propuestadesdecero/propuestadesdecero.srcs/sim_1/new/test_Fifo.vhd
Note: End of pixel file
Time: 116 us  Iteration: 1  Process: /testbench_top_hog/romX  File: D:/ProgramasDoctorado/propuestadesdecero/propuestadesdecero.srcs/sim_1/new/test_Fifo.vhd
Note: End of pixel file
Time: 116010 ns  Iteration: 1  Process: /testbench_top_hog/romX  File: D:/ProgramasDoctorado/propuestadesdecero/propuestadesdecero.srcs/sim_1/new/test_Fifo.vhd
Note: End of pixel file
Time: 116020 ns  Iteration: 1  Process: /testbench_top_hog/romX  File: D:/ProgramasDoctorado/propuestadesdecero/propuestadesdecero.srcs/sim_1/new/test_Fifo.vhd
Note: End of pixel file
Time: 116030 ns  Iteration: 1  Process: /testbench_top_hog/romX  File: D:/ProgramasDoctorado/propuestadesdecero/propuestadesdecero.srcs/sim_1/new/test_Fifo.vhd
Note: End of pixel file
Time: 116040 ns  Iteration: 1  Process: /testbench_top_hog/romX  File: D:/ProgramasDoctorado/propuestadesdecero/propuestadesdecero.srcs/sim_1/new/test_Fifo.vhd
Note: End of pixel file
Time: 116050 ns  Iteration: 1  Process: /testbench_top_hog/romX  File: D:/ProgramasDoctorado/propuestadesdecero/propuestadesdecero.srcs/sim_1/new/test_Fifo.vhd
Note: End of pixel file
Time: 116060 ns  Iteration: 1  Process: /testbench_top_hog/romX  File: D:/ProgramasDoctorado/propuestadesdecero/propuestadesdecero.srcs/sim_1/new/test_Fifo.vhd
Note: End of pixel file
Time: 116070 ns  Iteration: 1  Process: /testbench_top_hog/romX  File: D:/ProgramasDoctorado/propuestadesdecero/propuestadesdecero.srcs/sim_1/new/test_Fifo.vhd
Note: End of pixel file
Time: 116080 ns  Iteration: 1  Process: /testbench_top_hog/romX  File: D:/ProgramasDoctorado/propuestadesdecero/propuestadesdecero.srcs/sim_1/new/test_Fifo.vhd
Note: End of pixel file
Time: 116090 ns  Iteration: 1  Process: /testbench_top_hog/romX  File: D:/ProgramasDoctorado/propuestadesdecero/propuestadesdecero.srcs/sim_1/new/test_Fifo.vhd
Note: End of pixel file
Time: 116100 ns  Iteration: 1  Process: /testbench_top_hog/romX  File: D:/ProgramasDoctorado/propuestadesdecero/propuestadesdecero.srcs/sim_1/new/test_Fifo.vhd
Note: End of pixel file
Time: 116110 ns  Iteration: 1  Process: /testbench_top_hog/romX  File: D:/ProgramasDoctorado/propuestadesdecero/propuestadesdecero.srcs/sim_1/new/test_Fifo.vhd
Note: End of pixel file
Time: 116120 ns  Iteration: 1  Process: /testbench_top_hog/romX  File: D:/ProgramasDoctorado/propuestadesdecero/propuestadesdecero.srcs/sim_1/new/test_Fifo.vhd
Note: End of pixel file
Time: 116130 ns  Iteration: 1  Process: /testbench_top_hog/romX  File: D:/ProgramasDoctorado/propuestadesdecero/propuestadesdecero.srcs/sim_1/new/test_Fifo.vhd
Note: End of pixel file
Time: 116140 ns  Iteration: 1  Process: /testbench_top_hog/romX  File: D:/ProgramasDoctorado/propuestadesdecero/propuestadesdecero.srcs/sim_1/new/test_Fifo.vhd
Note: End of pixel file
Time: 116150 ns  Iteration: 1  Process: /testbench_top_hog/romX  File: D:/ProgramasDoctorado/propuestadesdecero/propuestadesdecero.srcs/sim_1/new/test_Fifo.vhd
Note: End of pixel file
Time: 116160 ns  Iteration: 1  Process: /testbench_top_hog/romX  File: D:/ProgramasDoctorado/propuestadesdecero/propuestadesdecero.srcs/sim_1/new/test_Fifo.vhd
Note: End of pixel file
Time: 116170 ns  Iteration: 1  Process: /testbench_top_hog/romX  File: D:/ProgramasDoctorado/propuestadesdecero/propuestadesdecero.srcs/sim_1/new/test_Fifo.vhd
Note: End of pixel file
Time: 116180 ns  Iteration: 1  Process: /testbench_top_hog/romX  File: D:/ProgramasDoctorado/propuestadesdecero/propuestadesdecero.srcs/sim_1/new/test_Fifo.vhd
Note: End of pixel file
Time: 116190 ns  Iteration: 1  Process: /testbench_top_hog/romX  File: D:/ProgramasDoctorado/propuestadesdecero/propuestadesdecero.srcs/sim_1/new/test_Fifo.vhd
Note: End of pixel file
Time: 116200 ns  Iteration: 1  Process: /testbench_top_hog/romX  File: D:/ProgramasDoctorado/propuestadesdecero/propuestadesdecero.srcs/sim_1/new/test_Fifo.vhd
Note: End of pixel file
Time: 116210 ns  Iteration: 1  Process: /testbench_top_hog/romX  File: D:/ProgramasDoctorado/propuestadesdecero/propuestadesdecero.srcs/sim_1/new/test_Fifo.vhd
Note: End of pixel file
Time: 116220 ns  Iteration: 1  Process: /testbench_top_hog/romX  File: D:/ProgramasDoctorado/propuestadesdecero/propuestadesdecero.srcs/sim_1/new/test_Fifo.vhd
Note: End of pixel file
Time: 116230 ns  Iteration: 1  Process: /testbench_top_hog/romX  File: D:/ProgramasDoctorado/propuestadesdecero/propuestadesdecero.srcs/sim_1/new/test_Fifo.vhd
Note: End of pixel file
Time: 116240 ns  Iteration: 1  Process: /testbench_top_hog/romX  File: D:/ProgramasDoctorado/propuestadesdecero/propuestadesdecero.srcs/sim_1/new/test_Fifo.vhd
Note: End of pixel file
Time: 116250 ns  Iteration: 1  Process: /testbench_top_hog/romX  File: D:/ProgramasDoctorado/propuestadesdecero/propuestadesdecero.srcs/sim_1/new/test_Fifo.vhd
Note: End of pixel file
Time: 116260 ns  Iteration: 1  Process: /testbench_top_hog/romX  File: D:/ProgramasDoctorado/propuestadesdecero/propuestadesdecero.srcs/sim_1/new/test_Fifo.vhd
Note: End of pixel file
Time: 116270 ns  Iteration: 1  Process: /testbench_top_hog/romX  File: D:/ProgramasDoctorado/propuestadesdecero/propuestadesdecero.srcs/sim_1/new/test_Fifo.vhd
Note: End of pixel file
Time: 116280 ns  Iteration: 1  Process: /testbench_top_hog/romX  File: D:/ProgramasDoctorado/propuestadesdecero/propuestadesdecero.srcs/sim_1/new/test_Fifo.vhd
Note: End of pixel file
Time: 116290 ns  Iteration: 1  Process: /testbench_top_hog/romX  File: D:/ProgramasDoctorado/propuestadesdecero/propuestadesdecero.srcs/sim_1/new/test_Fifo.vhd
Note: End of pixel file
Time: 116300 ns  Iteration: 1  Process: /testbench_top_hog/romX  File: D:/ProgramasDoctorado/propuestadesdecero/propuestadesdecero.srcs/sim_1/new/test_Fifo.vhd
Note: End of pixel file
Time: 116310 ns  Iteration: 1  Process: /testbench_top_hog/romX  File: D:/ProgramasDoctorado/propuestadesdecero/propuestadesdecero.srcs/sim_1/new/test_Fifo.vhd
Note: End of pixel file
Time: 116320 ns  Iteration: 1  Process: /testbench_top_hog/romX  File: D:/ProgramasDoctorado/propuestadesdecero/propuestadesdecero.srcs/sim_1/new/test_Fifo.vhd
Note: End of pixel file
Time: 116330 ns  Iteration: 1  Process: /testbench_top_hog/romX  File: D:/ProgramasDoctorado/propuestadesdecero/propuestadesdecero.srcs/sim_1/new/test_Fifo.vhd
Note: End of pixel file
Time: 116340 ns  Iteration: 1  Process: /testbench_top_hog/romX  File: D:/ProgramasDoctorado/propuestadesdecero/propuestadesdecero.srcs/sim_1/new/test_Fifo.vhd
Note: End of pixel file
Time: 116350 ns  Iteration: 1  Process: /testbench_top_hog/romX  File: D:/ProgramasDoctorado/propuestadesdecero/propuestadesdecero.srcs/sim_1/new/test_Fifo.vhd
Note: End of pixel file
Time: 116360 ns  Iteration: 1  Process: /testbench_top_hog/romX  File: D:/ProgramasDoctorado/propuestadesdecero/propuestadesdecero.srcs/sim_1/new/test_Fifo.vhd
Note: End of pixel file
Time: 116370 ns  Iteration: 1  Process: /testbench_top_hog/romX  File: D:/ProgramasDoctorado/propuestadesdecero/propuestadesdecero.srcs/sim_1/new/test_Fifo.vhd
Note: End of pixel file
Time: 116380 ns  Iteration: 1  Process: /testbench_top_hog/romX  File: D:/ProgramasDoctorado/propuestadesdecero/propuestadesdecero.srcs/sim_1/new/test_Fifo.vhd
Note: End of pixel file
Time: 116390 ns  Iteration: 1  Process: /testbench_top_hog/romX  File: D:/ProgramasDoctorado/propuestadesdecero/propuestadesdecero.srcs/sim_1/new/test_Fifo.vhd
Note: End of pixel file
Time: 116400 ns  Iteration: 1  Process: /testbench_top_hog/romX  File: D:/ProgramasDoctorado/propuestadesdecero/propuestadesdecero.srcs/sim_1/new/test_Fifo.vhd
Note: End of pixel file
Time: 116410 ns  Iteration: 1  Process: /testbench_top_hog/romX  File: D:/ProgramasDoctorado/propuestadesdecero/propuestadesdecero.srcs/sim_1/new/test_Fifo.vhd
Note: End of pixel file
Time: 116420 ns  Iteration: 1  Process: /testbench_top_hog/romX  File: D:/ProgramasDoctorado/propuestadesdecero/propuestadesdecero.srcs/sim_1/new/test_Fifo.vhd
Note: End of pixel file
Time: 116430 ns  Iteration: 1  Process: /testbench_top_hog/romX  File: D:/ProgramasDoctorado/propuestadesdecero/propuestadesdecero.srcs/sim_1/new/test_Fifo.vhd
Note: End of pixel file
Time: 116440 ns  Iteration: 1  Process: /testbench_top_hog/romX  File: D:/ProgramasDoctorado/propuestadesdecero/propuestadesdecero.srcs/sim_1/new/test_Fifo.vhd
Note: End of pixel file
Time: 116450 ns  Iteration: 1  Process: /testbench_top_hog/romX  File: D:/ProgramasDoctorado/propuestadesdecero/propuestadesdecero.srcs/sim_1/new/test_Fifo.vhd
Note: End of pixel file
Time: 116460 ns  Iteration: 1  Process: /testbench_top_hog/romX  File: D:/ProgramasDoctorado/propuestadesdecero/propuestadesdecero.srcs/sim_1/new/test_Fifo.vhd
Note: End of pixel file
Time: 116470 ns  Iteration: 1  Process: /testbench_top_hog/romX  File: D:/ProgramasDoctorado/propuestadesdecero/propuestadesdecero.srcs/sim_1/new/test_Fifo.vhd
Note: End of pixel file
Time: 116480 ns  Iteration: 1  Process: /testbench_top_hog/romX  File: D:/ProgramasDoctorado/propuestadesdecero/propuestadesdecero.srcs/sim_1/new/test_Fifo.vhd
Note: End of pixel file
Time: 116490 ns  Iteration: 1  Process: /testbench_top_hog/romX  File: D:/ProgramasDoctorado/propuestadesdecero/propuestadesdecero.srcs/sim_1/new/test_Fifo.vhd
Note: End of pixel file
Time: 116500 ns  Iteration: 1  Process: /testbench_top_hog/romX  File: D:/ProgramasDoctorado/propuestadesdecero/propuestadesdecero.srcs/sim_1/new/test_Fifo.vhd
Note: End of pixel file
Time: 116510 ns  Iteration: 1  Process: /testbench_top_hog/romX  File: D:/ProgramasDoctorado/propuestadesdecero/propuestadesdecero.srcs/sim_1/new/test_Fifo.vhd
Note: End of pixel file
Time: 116520 ns  Iteration: 1  Process: /testbench_top_hog/romX  File: D:/ProgramasDoctorado/propuestadesdecero/propuestadesdecero.srcs/sim_1/new/test_Fifo.vhd
Note: End of pixel file
Time: 116530 ns  Iteration: 1  Process: /testbench_top_hog/romX  File: D:/ProgramasDoctorado/propuestadesdecero/propuestadesdecero.srcs/sim_1/new/test_Fifo.vhd
Note: End of pixel file
Time: 116540 ns  Iteration: 1  Process: /testbench_top_hog/romX  File: D:/ProgramasDoctorado/propuestadesdecero/propuestadesdecero.srcs/sim_1/new/test_Fifo.vhd
Note: End of pixel file
Time: 116550 ns  Iteration: 1  Process: /testbench_top_hog/romX  File: D:/ProgramasDoctorado/propuestadesdecero/propuestadesdecero.srcs/sim_1/new/test_Fifo.vhd
Note: End of pixel file
Time: 116560 ns  Iteration: 1  Process: /testbench_top_hog/romX  File: D:/ProgramasDoctorado/propuestadesdecero/propuestadesdecero.srcs/sim_1/new/test_Fifo.vhd
Note: End of pixel file
Time: 116570 ns  Iteration: 1  Process: /testbench_top_hog/romX  File: D:/ProgramasDoctorado/propuestadesdecero/propuestadesdecero.srcs/sim_1/new/test_Fifo.vhd
Note: End of pixel file
Time: 116580 ns  Iteration: 1  Process: /testbench_top_hog/romX  File: D:/ProgramasDoctorado/propuestadesdecero/propuestadesdecero.srcs/sim_1/new/test_Fifo.vhd
Note: End of pixel file
Time: 116590 ns  Iteration: 1  Process: /testbench_top_hog/romX  File: D:/ProgramasDoctorado/propuestadesdecero/propuestadesdecero.srcs/sim_1/new/test_Fifo.vhd
Note: End of pixel file
Time: 116600 ns  Iteration: 1  Process: /testbench_top_hog/romX  File: D:/ProgramasDoctorado/propuestadesdecero/propuestadesdecero.srcs/sim_1/new/test_Fifo.vhd
Note: End of pixel file
Time: 116610 ns  Iteration: 1  Process: /testbench_top_hog/romX  File: D:/ProgramasDoctorado/propuestadesdecero/propuestadesdecero.srcs/sim_1/new/test_Fifo.vhd
Note: End of pixel file
Time: 116620 ns  Iteration: 1  Process: /testbench_top_hog/romX  File: D:/ProgramasDoctorado/propuestadesdecero/propuestadesdecero.srcs/sim_1/new/test_Fifo.vhd
Note: End of pixel file
Time: 116630 ns  Iteration: 1  Process: /testbench_top_hog/romX  File: D:/ProgramasDoctorado/propuestadesdecero/propuestadesdecero.srcs/sim_1/new/test_Fifo.vhd
Note: End of pixel file
Time: 116640 ns  Iteration: 1  Process: /testbench_top_hog/romX  File: D:/ProgramasDoctorado/propuestadesdecero/propuestadesdecero.srcs/sim_1/new/test_Fifo.vhd
Note: End of pixel file
Time: 116650 ns  Iteration: 1  Process: /testbench_top_hog/romX  File: D:/ProgramasDoctorado/propuestadesdecero/propuestadesdecero.srcs/sim_1/new/test_Fifo.vhd
Note: End of pixel file
Time: 116660 ns  Iteration: 1  Process: /testbench_top_hog/romX  File: D:/ProgramasDoctorado/propuestadesdecero/propuestadesdecero.srcs/sim_1/new/test_Fifo.vhd
Note: End of pixel file
Time: 116670 ns  Iteration: 1  Process: /testbench_top_hog/romX  File: D:/ProgramasDoctorado/propuestadesdecero/propuestadesdecero.srcs/sim_1/new/test_Fifo.vhd
Note: End of pixel file
Time: 116680 ns  Iteration: 1  Process: /testbench_top_hog/romX  File: D:/ProgramasDoctorado/propuestadesdecero/propuestadesdecero.srcs/sim_1/new/test_Fifo.vhd
Note: End of pixel file
Time: 116690 ns  Iteration: 1  Process: /testbench_top_hog/romX  File: D:/ProgramasDoctorado/propuestadesdecero/propuestadesdecero.srcs/sim_1/new/test_Fifo.vhd
Note: End of pixel file
Time: 116700 ns  Iteration: 1  Process: /testbench_top_hog/romX  File: D:/ProgramasDoctorado/propuestadesdecero/propuestadesdecero.srcs/sim_1/new/test_Fifo.vhd
Note: End of pixel file
Time: 116710 ns  Iteration: 1  Process: /testbench_top_hog/romX  File: D:/ProgramasDoctorado/propuestadesdecero/propuestadesdecero.srcs/sim_1/new/test_Fifo.vhd
Note: End of pixel file
Time: 116720 ns  Iteration: 1  Process: /testbench_top_hog/romX  File: D:/ProgramasDoctorado/propuestadesdecero/propuestadesdecero.srcs/sim_1/new/test_Fifo.vhd
Note: End of pixel file
Time: 116730 ns  Iteration: 1  Process: /testbench_top_hog/romX  File: D:/ProgramasDoctorado/propuestadesdecero/propuestadesdecero.srcs/sim_1/new/test_Fifo.vhd
Note: End of pixel file
Time: 116740 ns  Iteration: 1  Process: /testbench_top_hog/romX  File: D:/ProgramasDoctorado/propuestadesdecero/propuestadesdecero.srcs/sim_1/new/test_Fifo.vhd
Note: End of pixel file
Time: 116750 ns  Iteration: 1  Process: /testbench_top_hog/romX  File: D:/ProgramasDoctorado/propuestadesdecero/propuestadesdecero.srcs/sim_1/new/test_Fifo.vhd
Note: End of pixel file
Time: 116760 ns  Iteration: 1  Process: /testbench_top_hog/romX  File: D:/ProgramasDoctorado/propuestadesdecero/propuestadesdecero.srcs/sim_1/new/test_Fifo.vhd
Note: End of pixel file
Time: 116770 ns  Iteration: 1  Process: /testbench_top_hog/romX  File: D:/ProgramasDoctorado/propuestadesdecero/propuestadesdecero.srcs/sim_1/new/test_Fifo.vhd
Note: End of pixel file
Time: 116780 ns  Iteration: 1  Process: /testbench_top_hog/romX  File: D:/ProgramasDoctorado/propuestadesdecero/propuestadesdecero.srcs/sim_1/new/test_Fifo.vhd
Note: End of pixel file
Time: 116790 ns  Iteration: 1  Process: /testbench_top_hog/romX  File: D:/ProgramasDoctorado/propuestadesdecero/propuestadesdecero.srcs/sim_1/new/test_Fifo.vhd
Note: End of pixel file
Time: 116800 ns  Iteration: 1  Process: /testbench_top_hog/romX  File: D:/ProgramasDoctorado/propuestadesdecero/propuestadesdecero.srcs/sim_1/new/test_Fifo.vhd
Note: End of pixel file
Time: 116810 ns  Iteration: 1  Process: /testbench_top_hog/romX  File: D:/ProgramasDoctorado/propuestadesdecero/propuestadesdecero.srcs/sim_1/new/test_Fifo.vhd
Note: End of pixel file
Time: 116820 ns  Iteration: 1  Process: /testbench_top_hog/romX  File: D:/ProgramasDoctorado/propuestadesdecero/propuestadesdecero.srcs/sim_1/new/test_Fifo.vhd
Note: End of pixel file
Time: 116830 ns  Iteration: 1  Process: /testbench_top_hog/romX  File: D:/ProgramasDoctorado/propuestadesdecero/propuestadesdecero.srcs/sim_1/new/test_Fifo.vhd
Note: End of pixel file
Time: 116840 ns  Iteration: 1  Process: /testbench_top_hog/romX  File: D:/ProgramasDoctorado/propuestadesdecero/propuestadesdecero.srcs/sim_1/new/test_Fifo.vhd
Note: End of pixel file
Time: 116850 ns  Iteration: 1  Process: /testbench_top_hog/romX  File: D:/ProgramasDoctorado/propuestadesdecero/propuestadesdecero.srcs/sim_1/new/test_Fifo.vhd
Note: End of pixel file
Time: 116860 ns  Iteration: 1  Process: /testbench_top_hog/romX  File: D:/ProgramasDoctorado/propuestadesdecero/propuestadesdecero.srcs/sim_1/new/test_Fifo.vhd
Note: End of pixel file
Time: 116870 ns  Iteration: 1  Process: /testbench_top_hog/romX  File: D:/ProgramasDoctorado/propuestadesdecero/propuestadesdecero.srcs/sim_1/new/test_Fifo.vhd
Note: End of pixel file
Time: 116880 ns  Iteration: 1  Process: /testbench_top_hog/romX  File: D:/ProgramasDoctorado/propuestadesdecero/propuestadesdecero.srcs/sim_1/new/test_Fifo.vhd
Note: End of pixel file
Time: 116890 ns  Iteration: 1  Process: /testbench_top_hog/romX  File: D:/ProgramasDoctorado/propuestadesdecero/propuestadesdecero.srcs/sim_1/new/test_Fifo.vhd
Note: End of pixel file
Time: 116900 ns  Iteration: 1  Process: /testbench_top_hog/romX  File: D:/ProgramasDoctorado/propuestadesdecero/propuestadesdecero.srcs/sim_1/new/test_Fifo.vhd
Note: End of pixel file
Time: 116910 ns  Iteration: 1  Process: /testbench_top_hog/romX  File: D:/ProgramasDoctorado/propuestadesdecero/propuestadesdecero.srcs/sim_1/new/test_Fifo.vhd
Note: End of pixel file
Time: 116920 ns  Iteration: 1  Process: /testbench_top_hog/romX  File: D:/ProgramasDoctorado/propuestadesdecero/propuestadesdecero.srcs/sim_1/new/test_Fifo.vhd
Note: End of pixel file
Time: 116930 ns  Iteration: 1  Process: /testbench_top_hog/romX  File: D:/ProgramasDoctorado/propuestadesdecero/propuestadesdecero.srcs/sim_1/new/test_Fifo.vhd
Note: End of pixel file
Time: 116940 ns  Iteration: 1  Process: /testbench_top_hog/romX  File: D:/ProgramasDoctorado/propuestadesdecero/propuestadesdecero.srcs/sim_1/new/test_Fifo.vhd
Note: End of pixel file
Time: 116950 ns  Iteration: 1  Process: /testbench_top_hog/romX  File: D:/ProgramasDoctorado/propuestadesdecero/propuestadesdecero.srcs/sim_1/new/test_Fifo.vhd
Note: End of pixel file
Time: 116960 ns  Iteration: 1  Process: /testbench_top_hog/romX  File: D:/ProgramasDoctorado/propuestadesdecero/propuestadesdecero.srcs/sim_1/new/test_Fifo.vhd
Note: End of pixel file
Time: 116970 ns  Iteration: 1  Process: /testbench_top_hog/romX  File: D:/ProgramasDoctorado/propuestadesdecero/propuestadesdecero.srcs/sim_1/new/test_Fifo.vhd
Note: End of pixel file
Time: 116980 ns  Iteration: 1  Process: /testbench_top_hog/romX  File: D:/ProgramasDoctorado/propuestadesdecero/propuestadesdecero.srcs/sim_1/new/test_Fifo.vhd
Note: End of pixel file
Time: 116990 ns  Iteration: 1  Process: /testbench_top_hog/romX  File: D:/ProgramasDoctorado/propuestadesdecero/propuestadesdecero.srcs/sim_1/new/test_Fifo.vhd
Note: End of pixel file
Time: 117 us  Iteration: 1  Process: /testbench_top_hog/romX  File: D:/ProgramasDoctorado/propuestadesdecero/propuestadesdecero.srcs/sim_1/new/test_Fifo.vhd
Note: End of pixel file
Time: 117010 ns  Iteration: 1  Process: /testbench_top_hog/romX  File: D:/ProgramasDoctorado/propuestadesdecero/propuestadesdecero.srcs/sim_1/new/test_Fifo.vhd
Note: End of pixel file
Time: 117020 ns  Iteration: 1  Process: /testbench_top_hog/romX  File: D:/ProgramasDoctorado/propuestadesdecero/propuestadesdecero.srcs/sim_1/new/test_Fifo.vhd
Note: End of pixel file
Time: 117030 ns  Iteration: 1  Process: /testbench_top_hog/romX  File: D:/ProgramasDoctorado/propuestadesdecero/propuestadesdecero.srcs/sim_1/new/test_Fifo.vhd
Note: End of pixel file
Time: 117040 ns  Iteration: 1  Process: /testbench_top_hog/romX  File: D:/ProgramasDoctorado/propuestadesdecero/propuestadesdecero.srcs/sim_1/new/test_Fifo.vhd
Note: End of pixel file
Time: 117050 ns  Iteration: 1  Process: /testbench_top_hog/romX  File: D:/ProgramasDoctorado/propuestadesdecero/propuestadesdecero.srcs/sim_1/new/test_Fifo.vhd
Note: End of pixel file
Time: 117060 ns  Iteration: 1  Process: /testbench_top_hog/romX  File: D:/ProgramasDoctorado/propuestadesdecero/propuestadesdecero.srcs/sim_1/new/test_Fifo.vhd
Note: End of pixel file
Time: 117070 ns  Iteration: 1  Process: /testbench_top_hog/romX  File: D:/ProgramasDoctorado/propuestadesdecero/propuestadesdecero.srcs/sim_1/new/test_Fifo.vhd
Note: End of pixel file
Time: 117080 ns  Iteration: 1  Process: /testbench_top_hog/romX  File: D:/ProgramasDoctorado/propuestadesdecero/propuestadesdecero.srcs/sim_1/new/test_Fifo.vhd
Note: End of pixel file
Time: 117090 ns  Iteration: 1  Process: /testbench_top_hog/romX  File: D:/ProgramasDoctorado/propuestadesdecero/propuestadesdecero.srcs/sim_1/new/test_Fifo.vhd
Note: End of pixel file
Time: 117100 ns  Iteration: 1  Process: /testbench_top_hog/romX  File: D:/ProgramasDoctorado/propuestadesdecero/propuestadesdecero.srcs/sim_1/new/test_Fifo.vhd
Note: End of pixel file
Time: 117110 ns  Iteration: 1  Process: /testbench_top_hog/romX  File: D:/ProgramasDoctorado/propuestadesdecero/propuestadesdecero.srcs/sim_1/new/test_Fifo.vhd
Note: End of pixel file
Time: 117120 ns  Iteration: 1  Process: /testbench_top_hog/romX  File: D:/ProgramasDoctorado/propuestadesdecero/propuestadesdecero.srcs/sim_1/new/test_Fifo.vhd
Note: End of pixel file
Time: 117130 ns  Iteration: 1  Process: /testbench_top_hog/romX  File: D:/ProgramasDoctorado/propuestadesdecero/propuestadesdecero.srcs/sim_1/new/test_Fifo.vhd
Note: End of pixel file
Time: 117140 ns  Iteration: 1  Process: /testbench_top_hog/romX  File: D:/ProgramasDoctorado/propuestadesdecero/propuestadesdecero.srcs/sim_1/new/test_Fifo.vhd
Note: End of pixel file
Time: 117150 ns  Iteration: 1  Process: /testbench_top_hog/romX  File: D:/ProgramasDoctorado/propuestadesdecero/propuestadesdecero.srcs/sim_1/new/test_Fifo.vhd
Note: End of pixel file
Time: 117160 ns  Iteration: 1  Process: /testbench_top_hog/romX  File: D:/ProgramasDoctorado/propuestadesdecero/propuestadesdecero.srcs/sim_1/new/test_Fifo.vhd
Note: End of pixel file
Time: 117170 ns  Iteration: 1  Process: /testbench_top_hog/romX  File: D:/ProgramasDoctorado/propuestadesdecero/propuestadesdecero.srcs/sim_1/new/test_Fifo.vhd
Note: End of pixel file
Time: 117180 ns  Iteration: 1  Process: /testbench_top_hog/romX  File: D:/ProgramasDoctorado/propuestadesdecero/propuestadesdecero.srcs/sim_1/new/test_Fifo.vhd
Note: End of pixel file
Time: 117190 ns  Iteration: 1  Process: /testbench_top_hog/romX  File: D:/ProgramasDoctorado/propuestadesdecero/propuestadesdecero.srcs/sim_1/new/test_Fifo.vhd
Note: End of pixel file
Time: 117200 ns  Iteration: 1  Process: /testbench_top_hog/romX  File: D:/ProgramasDoctorado/propuestadesdecero/propuestadesdecero.srcs/sim_1/new/test_Fifo.vhd
Note: End of pixel file
Time: 117210 ns  Iteration: 1  Process: /testbench_top_hog/romX  File: D:/ProgramasDoctorado/propuestadesdecero/propuestadesdecero.srcs/sim_1/new/test_Fifo.vhd
Note: End of pixel file
Time: 117220 ns  Iteration: 1  Process: /testbench_top_hog/romX  File: D:/ProgramasDoctorado/propuestadesdecero/propuestadesdecero.srcs/sim_1/new/test_Fifo.vhd
Note: End of pixel file
Time: 117230 ns  Iteration: 1  Process: /testbench_top_hog/romX  File: D:/ProgramasDoctorado/propuestadesdecero/propuestadesdecero.srcs/sim_1/new/test_Fifo.vhd
Note: End of pixel file
Time: 117240 ns  Iteration: 1  Process: /testbench_top_hog/romX  File: D:/ProgramasDoctorado/propuestadesdecero/propuestadesdecero.srcs/sim_1/new/test_Fifo.vhd
Note: End of pixel file
Time: 117250 ns  Iteration: 1  Process: /testbench_top_hog/romX  File: D:/ProgramasDoctorado/propuestadesdecero/propuestadesdecero.srcs/sim_1/new/test_Fifo.vhd
Note: End of pixel file
Time: 117260 ns  Iteration: 1  Process: /testbench_top_hog/romX  File: D:/ProgramasDoctorado/propuestadesdecero/propuestadesdecero.srcs/sim_1/new/test_Fifo.vhd
Note: End of pixel file
Time: 117270 ns  Iteration: 1  Process: /testbench_top_hog/romX  File: D:/ProgramasDoctorado/propuestadesdecero/propuestadesdecero.srcs/sim_1/new/test_Fifo.vhd
Note: End of pixel file
Time: 117280 ns  Iteration: 1  Process: /testbench_top_hog/romX  File: D:/ProgramasDoctorado/propuestadesdecero/propuestadesdecero.srcs/sim_1/new/test_Fifo.vhd
Note: End of pixel file
Time: 117290 ns  Iteration: 1  Process: /testbench_top_hog/romX  File: D:/ProgramasDoctorado/propuestadesdecero/propuestadesdecero.srcs/sim_1/new/test_Fifo.vhd
Note: End of pixel file
Time: 117300 ns  Iteration: 1  Process: /testbench_top_hog/romX  File: D:/ProgramasDoctorado/propuestadesdecero/propuestadesdecero.srcs/sim_1/new/test_Fifo.vhd
Note: End of pixel file
Time: 117310 ns  Iteration: 1  Process: /testbench_top_hog/romX  File: D:/ProgramasDoctorado/propuestadesdecero/propuestadesdecero.srcs/sim_1/new/test_Fifo.vhd
Note: End of pixel file
Time: 117320 ns  Iteration: 1  Process: /testbench_top_hog/romX  File: D:/ProgramasDoctorado/propuestadesdecero/propuestadesdecero.srcs/sim_1/new/test_Fifo.vhd
Note: End of pixel file
Time: 117330 ns  Iteration: 1  Process: /testbench_top_hog/romX  File: D:/ProgramasDoctorado/propuestadesdecero/propuestadesdecero.srcs/sim_1/new/test_Fifo.vhd
Note: End of pixel file
Time: 117340 ns  Iteration: 1  Process: /testbench_top_hog/romX  File: D:/ProgramasDoctorado/propuestadesdecero/propuestadesdecero.srcs/sim_1/new/test_Fifo.vhd
Note: End of pixel file
Time: 117350 ns  Iteration: 1  Process: /testbench_top_hog/romX  File: D:/ProgramasDoctorado/propuestadesdecero/propuestadesdecero.srcs/sim_1/new/test_Fifo.vhd
Note: End of pixel file
Time: 117360 ns  Iteration: 1  Process: /testbench_top_hog/romX  File: D:/ProgramasDoctorado/propuestadesdecero/propuestadesdecero.srcs/sim_1/new/test_Fifo.vhd
Note: End of pixel file
Time: 117370 ns  Iteration: 1  Process: /testbench_top_hog/romX  File: D:/ProgramasDoctorado/propuestadesdecero/propuestadesdecero.srcs/sim_1/new/test_Fifo.vhd
Note: End of pixel file
Time: 117380 ns  Iteration: 1  Process: /testbench_top_hog/romX  File: D:/ProgramasDoctorado/propuestadesdecero/propuestadesdecero.srcs/sim_1/new/test_Fifo.vhd
Note: End of pixel file
Time: 117390 ns  Iteration: 1  Process: /testbench_top_hog/romX  File: D:/ProgramasDoctorado/propuestadesdecero/propuestadesdecero.srcs/sim_1/new/test_Fifo.vhd
Note: End of pixel file
Time: 117400 ns  Iteration: 1  Process: /testbench_top_hog/romX  File: D:/ProgramasDoctorado/propuestadesdecero/propuestadesdecero.srcs/sim_1/new/test_Fifo.vhd
Note: End of pixel file
Time: 117410 ns  Iteration: 1  Process: /testbench_top_hog/romX  File: D:/ProgramasDoctorado/propuestadesdecero/propuestadesdecero.srcs/sim_1/new/test_Fifo.vhd
Note: End of pixel file
Time: 117420 ns  Iteration: 1  Process: /testbench_top_hog/romX  File: D:/ProgramasDoctorado/propuestadesdecero/propuestadesdecero.srcs/sim_1/new/test_Fifo.vhd
Note: End of pixel file
Time: 117430 ns  Iteration: 1  Process: /testbench_top_hog/romX  File: D:/ProgramasDoctorado/propuestadesdecero/propuestadesdecero.srcs/sim_1/new/test_Fifo.vhd
Note: End of pixel file
Time: 117440 ns  Iteration: 1  Process: /testbench_top_hog/romX  File: D:/ProgramasDoctorado/propuestadesdecero/propuestadesdecero.srcs/sim_1/new/test_Fifo.vhd
Note: End of pixel file
Time: 117450 ns  Iteration: 1  Process: /testbench_top_hog/romX  File: D:/ProgramasDoctorado/propuestadesdecero/propuestadesdecero.srcs/sim_1/new/test_Fifo.vhd
Note: End of pixel file
Time: 117460 ns  Iteration: 1  Process: /testbench_top_hog/romX  File: D:/ProgramasDoctorado/propuestadesdecero/propuestadesdecero.srcs/sim_1/new/test_Fifo.vhd
Note: End of pixel file
Time: 117470 ns  Iteration: 1  Process: /testbench_top_hog/romX  File: D:/ProgramasDoctorado/propuestadesdecero/propuestadesdecero.srcs/sim_1/new/test_Fifo.vhd
Note: End of pixel file
Time: 117480 ns  Iteration: 1  Process: /testbench_top_hog/romX  File: D:/ProgramasDoctorado/propuestadesdecero/propuestadesdecero.srcs/sim_1/new/test_Fifo.vhd
Note: End of pixel file
Time: 117490 ns  Iteration: 1  Process: /testbench_top_hog/romX  File: D:/ProgramasDoctorado/propuestadesdecero/propuestadesdecero.srcs/sim_1/new/test_Fifo.vhd
Note: End of pixel file
Time: 117500 ns  Iteration: 1  Process: /testbench_top_hog/romX  File: D:/ProgramasDoctorado/propuestadesdecero/propuestadesdecero.srcs/sim_1/new/test_Fifo.vhd
Note: End of pixel file
Time: 117510 ns  Iteration: 1  Process: /testbench_top_hog/romX  File: D:/ProgramasDoctorado/propuestadesdecero/propuestadesdecero.srcs/sim_1/new/test_Fifo.vhd
Note: End of pixel file
Time: 117520 ns  Iteration: 1  Process: /testbench_top_hog/romX  File: D:/ProgramasDoctorado/propuestadesdecero/propuestadesdecero.srcs/sim_1/new/test_Fifo.vhd
Note: End of pixel file
Time: 117530 ns  Iteration: 1  Process: /testbench_top_hog/romX  File: D:/ProgramasDoctorado/propuestadesdecero/propuestadesdecero.srcs/sim_1/new/test_Fifo.vhd
Note: End of pixel file
Time: 117540 ns  Iteration: 1  Process: /testbench_top_hog/romX  File: D:/ProgramasDoctorado/propuestadesdecero/propuestadesdecero.srcs/sim_1/new/test_Fifo.vhd
Note: End of pixel file
Time: 117550 ns  Iteration: 1  Process: /testbench_top_hog/romX  File: D:/ProgramasDoctorado/propuestadesdecero/propuestadesdecero.srcs/sim_1/new/test_Fifo.vhd
Note: End of pixel file
Time: 117560 ns  Iteration: 1  Process: /testbench_top_hog/romX  File: D:/ProgramasDoctorado/propuestadesdecero/propuestadesdecero.srcs/sim_1/new/test_Fifo.vhd
Note: End of pixel file
Time: 117570 ns  Iteration: 1  Process: /testbench_top_hog/romX  File: D:/ProgramasDoctorado/propuestadesdecero/propuestadesdecero.srcs/sim_1/new/test_Fifo.vhd
Note: End of pixel file
Time: 117580 ns  Iteration: 1  Process: /testbench_top_hog/romX  File: D:/ProgramasDoctorado/propuestadesdecero/propuestadesdecero.srcs/sim_1/new/test_Fifo.vhd
Note: End of pixel file
Time: 117590 ns  Iteration: 1  Process: /testbench_top_hog/romX  File: D:/ProgramasDoctorado/propuestadesdecero/propuestadesdecero.srcs/sim_1/new/test_Fifo.vhd
Note: End of pixel file
Time: 117600 ns  Iteration: 1  Process: /testbench_top_hog/romX  File: D:/ProgramasDoctorado/propuestadesdecero/propuestadesdecero.srcs/sim_1/new/test_Fifo.vhd
Note: End of pixel file
Time: 117610 ns  Iteration: 1  Process: /testbench_top_hog/romX  File: D:/ProgramasDoctorado/propuestadesdecero/propuestadesdecero.srcs/sim_1/new/test_Fifo.vhd
Note: End of pixel file
Time: 117620 ns  Iteration: 1  Process: /testbench_top_hog/romX  File: D:/ProgramasDoctorado/propuestadesdecero/propuestadesdecero.srcs/sim_1/new/test_Fifo.vhd
Note: End of pixel file
Time: 117630 ns  Iteration: 1  Process: /testbench_top_hog/romX  File: D:/ProgramasDoctorado/propuestadesdecero/propuestadesdecero.srcs/sim_1/new/test_Fifo.vhd
Note: End of pixel file
Time: 117640 ns  Iteration: 1  Process: /testbench_top_hog/romX  File: D:/ProgramasDoctorado/propuestadesdecero/propuestadesdecero.srcs/sim_1/new/test_Fifo.vhd
Note: End of pixel file
Time: 117650 ns  Iteration: 1  Process: /testbench_top_hog/romX  File: D:/ProgramasDoctorado/propuestadesdecero/propuestadesdecero.srcs/sim_1/new/test_Fifo.vhd
Note: End of pixel file
Time: 117660 ns  Iteration: 1  Process: /testbench_top_hog/romX  File: D:/ProgramasDoctorado/propuestadesdecero/propuestadesdecero.srcs/sim_1/new/test_Fifo.vhd
Note: End of pixel file
Time: 117670 ns  Iteration: 1  Process: /testbench_top_hog/romX  File: D:/ProgramasDoctorado/propuestadesdecero/propuestadesdecero.srcs/sim_1/new/test_Fifo.vhd
Note: End of pixel file
Time: 117680 ns  Iteration: 1  Process: /testbench_top_hog/romX  File: D:/ProgramasDoctorado/propuestadesdecero/propuestadesdecero.srcs/sim_1/new/test_Fifo.vhd
Note: End of pixel file
Time: 117690 ns  Iteration: 1  Process: /testbench_top_hog/romX  File: D:/ProgramasDoctorado/propuestadesdecero/propuestadesdecero.srcs/sim_1/new/test_Fifo.vhd
Note: End of pixel file
Time: 117700 ns  Iteration: 1  Process: /testbench_top_hog/romX  File: D:/ProgramasDoctorado/propuestadesdecero/propuestadesdecero.srcs/sim_1/new/test_Fifo.vhd
Note: End of pixel file
Time: 117710 ns  Iteration: 1  Process: /testbench_top_hog/romX  File: D:/ProgramasDoctorado/propuestadesdecero/propuestadesdecero.srcs/sim_1/new/test_Fifo.vhd
Note: End of pixel file
Time: 117720 ns  Iteration: 1  Process: /testbench_top_hog/romX  File: D:/ProgramasDoctorado/propuestadesdecero/propuestadesdecero.srcs/sim_1/new/test_Fifo.vhd
Note: End of pixel file
Time: 117730 ns  Iteration: 1  Process: /testbench_top_hog/romX  File: D:/ProgramasDoctorado/propuestadesdecero/propuestadesdecero.srcs/sim_1/new/test_Fifo.vhd
Note: End of pixel file
Time: 117740 ns  Iteration: 1  Process: /testbench_top_hog/romX  File: D:/ProgramasDoctorado/propuestadesdecero/propuestadesdecero.srcs/sim_1/new/test_Fifo.vhd
Note: End of pixel file
Time: 117750 ns  Iteration: 1  Process: /testbench_top_hog/romX  File: D:/ProgramasDoctorado/propuestadesdecero/propuestadesdecero.srcs/sim_1/new/test_Fifo.vhd
Note: End of pixel file
Time: 117760 ns  Iteration: 1  Process: /testbench_top_hog/romX  File: D:/ProgramasDoctorado/propuestadesdecero/propuestadesdecero.srcs/sim_1/new/test_Fifo.vhd
Note: End of pixel file
Time: 117770 ns  Iteration: 1  Process: /testbench_top_hog/romX  File: D:/ProgramasDoctorado/propuestadesdecero/propuestadesdecero.srcs/sim_1/new/test_Fifo.vhd
Note: End of pixel file
Time: 117780 ns  Iteration: 1  Process: /testbench_top_hog/romX  File: D:/ProgramasDoctorado/propuestadesdecero/propuestadesdecero.srcs/sim_1/new/test_Fifo.vhd
Note: End of pixel file
Time: 117790 ns  Iteration: 1  Process: /testbench_top_hog/romX  File: D:/ProgramasDoctorado/propuestadesdecero/propuestadesdecero.srcs/sim_1/new/test_Fifo.vhd
Note: End of pixel file
Time: 117800 ns  Iteration: 1  Process: /testbench_top_hog/romX  File: D:/ProgramasDoctorado/propuestadesdecero/propuestadesdecero.srcs/sim_1/new/test_Fifo.vhd
Note: End of pixel file
Time: 117810 ns  Iteration: 1  Process: /testbench_top_hog/romX  File: D:/ProgramasDoctorado/propuestadesdecero/propuestadesdecero.srcs/sim_1/new/test_Fifo.vhd
Note: End of pixel file
Time: 117820 ns  Iteration: 1  Process: /testbench_top_hog/romX  File: D:/ProgramasDoctorado/propuestadesdecero/propuestadesdecero.srcs/sim_1/new/test_Fifo.vhd
Note: End of pixel file
Time: 117830 ns  Iteration: 1  Process: /testbench_top_hog/romX  File: D:/ProgramasDoctorado/propuestadesdecero/propuestadesdecero.srcs/sim_1/new/test_Fifo.vhd
Note: End of pixel file
Time: 117840 ns  Iteration: 1  Process: /testbench_top_hog/romX  File: D:/ProgramasDoctorado/propuestadesdecero/propuestadesdecero.srcs/sim_1/new/test_Fifo.vhd
Note: End of pixel file
Time: 117850 ns  Iteration: 1  Process: /testbench_top_hog/romX  File: D:/ProgramasDoctorado/propuestadesdecero/propuestadesdecero.srcs/sim_1/new/test_Fifo.vhd
Note: End of pixel file
Time: 117860 ns  Iteration: 1  Process: /testbench_top_hog/romX  File: D:/ProgramasDoctorado/propuestadesdecero/propuestadesdecero.srcs/sim_1/new/test_Fifo.vhd
Note: End of pixel file
Time: 117870 ns  Iteration: 1  Process: /testbench_top_hog/romX  File: D:/ProgramasDoctorado/propuestadesdecero/propuestadesdecero.srcs/sim_1/new/test_Fifo.vhd
Note: End of pixel file
Time: 117880 ns  Iteration: 1  Process: /testbench_top_hog/romX  File: D:/ProgramasDoctorado/propuestadesdecero/propuestadesdecero.srcs/sim_1/new/test_Fifo.vhd
Note: End of pixel file
Time: 117890 ns  Iteration: 1  Process: /testbench_top_hog/romX  File: D:/ProgramasDoctorado/propuestadesdecero/propuestadesdecero.srcs/sim_1/new/test_Fifo.vhd
Note: End of pixel file
Time: 117900 ns  Iteration: 1  Process: /testbench_top_hog/romX  File: D:/ProgramasDoctorado/propuestadesdecero/propuestadesdecero.srcs/sim_1/new/test_Fifo.vhd
Note: End of pixel file
Time: 117910 ns  Iteration: 1  Process: /testbench_top_hog/romX  File: D:/ProgramasDoctorado/propuestadesdecero/propuestadesdecero.srcs/sim_1/new/test_Fifo.vhd
Note: End of pixel file
Time: 117920 ns  Iteration: 1  Process: /testbench_top_hog/romX  File: D:/ProgramasDoctorado/propuestadesdecero/propuestadesdecero.srcs/sim_1/new/test_Fifo.vhd
Note: End of pixel file
Time: 117930 ns  Iteration: 1  Process: /testbench_top_hog/romX  File: D:/ProgramasDoctorado/propuestadesdecero/propuestadesdecero.srcs/sim_1/new/test_Fifo.vhd
Note: End of pixel file
Time: 117940 ns  Iteration: 1  Process: /testbench_top_hog/romX  File: D:/ProgramasDoctorado/propuestadesdecero/propuestadesdecero.srcs/sim_1/new/test_Fifo.vhd
Note: End of pixel file
Time: 117950 ns  Iteration: 1  Process: /testbench_top_hog/romX  File: D:/ProgramasDoctorado/propuestadesdecero/propuestadesdecero.srcs/sim_1/new/test_Fifo.vhd
Note: End of pixel file
Time: 117960 ns  Iteration: 1  Process: /testbench_top_hog/romX  File: D:/ProgramasDoctorado/propuestadesdecero/propuestadesdecero.srcs/sim_1/new/test_Fifo.vhd
Note: End of pixel file
Time: 117970 ns  Iteration: 1  Process: /testbench_top_hog/romX  File: D:/ProgramasDoctorado/propuestadesdecero/propuestadesdecero.srcs/sim_1/new/test_Fifo.vhd
Note: End of pixel file
Time: 117980 ns  Iteration: 1  Process: /testbench_top_hog/romX  File: D:/ProgramasDoctorado/propuestadesdecero/propuestadesdecero.srcs/sim_1/new/test_Fifo.vhd
Note: End of pixel file
Time: 117990 ns  Iteration: 1  Process: /testbench_top_hog/romX  File: D:/ProgramasDoctorado/propuestadesdecero/propuestadesdecero.srcs/sim_1/new/test_Fifo.vhd
Note: End of pixel file
Time: 118 us  Iteration: 1  Process: /testbench_top_hog/romX  File: D:/ProgramasDoctorado/propuestadesdecero/propuestadesdecero.srcs/sim_1/new/test_Fifo.vhd
Note: End of pixel file
Time: 118010 ns  Iteration: 1  Process: /testbench_top_hog/romX  File: D:/ProgramasDoctorado/propuestadesdecero/propuestadesdecero.srcs/sim_1/new/test_Fifo.vhd
Note: End of pixel file
Time: 118020 ns  Iteration: 1  Process: /testbench_top_hog/romX  File: D:/ProgramasDoctorado/propuestadesdecero/propuestadesdecero.srcs/sim_1/new/test_Fifo.vhd
Note: End of pixel file
Time: 118030 ns  Iteration: 1  Process: /testbench_top_hog/romX  File: D:/ProgramasDoctorado/propuestadesdecero/propuestadesdecero.srcs/sim_1/new/test_Fifo.vhd
Note: End of pixel file
Time: 118040 ns  Iteration: 1  Process: /testbench_top_hog/romX  File: D:/ProgramasDoctorado/propuestadesdecero/propuestadesdecero.srcs/sim_1/new/test_Fifo.vhd
Note: End of pixel file
Time: 118050 ns  Iteration: 1  Process: /testbench_top_hog/romX  File: D:/ProgramasDoctorado/propuestadesdecero/propuestadesdecero.srcs/sim_1/new/test_Fifo.vhd
Note: End of pixel file
Time: 118060 ns  Iteration: 1  Process: /testbench_top_hog/romX  File: D:/ProgramasDoctorado/propuestadesdecero/propuestadesdecero.srcs/sim_1/new/test_Fifo.vhd
Note: End of pixel file
Time: 118070 ns  Iteration: 1  Process: /testbench_top_hog/romX  File: D:/ProgramasDoctorado/propuestadesdecero/propuestadesdecero.srcs/sim_1/new/test_Fifo.vhd
Note: End of pixel file
Time: 118080 ns  Iteration: 1  Process: /testbench_top_hog/romX  File: D:/ProgramasDoctorado/propuestadesdecero/propuestadesdecero.srcs/sim_1/new/test_Fifo.vhd
Note: End of pixel file
Time: 118090 ns  Iteration: 1  Process: /testbench_top_hog/romX  File: D:/ProgramasDoctorado/propuestadesdecero/propuestadesdecero.srcs/sim_1/new/test_Fifo.vhd
Note: End of pixel file
Time: 118100 ns  Iteration: 1  Process: /testbench_top_hog/romX  File: D:/ProgramasDoctorado/propuestadesdecero/propuestadesdecero.srcs/sim_1/new/test_Fifo.vhd
Note: End of pixel file
Time: 118110 ns  Iteration: 1  Process: /testbench_top_hog/romX  File: D:/ProgramasDoctorado/propuestadesdecero/propuestadesdecero.srcs/sim_1/new/test_Fifo.vhd
Note: End of pixel file
Time: 118120 ns  Iteration: 1  Process: /testbench_top_hog/romX  File: D:/ProgramasDoctorado/propuestadesdecero/propuestadesdecero.srcs/sim_1/new/test_Fifo.vhd
Note: End of pixel file
Time: 118130 ns  Iteration: 1  Process: /testbench_top_hog/romX  File: D:/ProgramasDoctorado/propuestadesdecero/propuestadesdecero.srcs/sim_1/new/test_Fifo.vhd
Note: End of pixel file
Time: 118140 ns  Iteration: 1  Process: /testbench_top_hog/romX  File: D:/ProgramasDoctorado/propuestadesdecero/propuestadesdecero.srcs/sim_1/new/test_Fifo.vhd
Note: End of pixel file
Time: 118150 ns  Iteration: 1  Process: /testbench_top_hog/romX  File: D:/ProgramasDoctorado/propuestadesdecero/propuestadesdecero.srcs/sim_1/new/test_Fifo.vhd
Note: End of pixel file
Time: 118160 ns  Iteration: 1  Process: /testbench_top_hog/romX  File: D:/ProgramasDoctorado/propuestadesdecero/propuestadesdecero.srcs/sim_1/new/test_Fifo.vhd
Note: End of pixel file
Time: 118170 ns  Iteration: 1  Process: /testbench_top_hog/romX  File: D:/ProgramasDoctorado/propuestadesdecero/propuestadesdecero.srcs/sim_1/new/test_Fifo.vhd
Note: End of pixel file
Time: 118180 ns  Iteration: 1  Process: /testbench_top_hog/romX  File: D:/ProgramasDoctorado/propuestadesdecero/propuestadesdecero.srcs/sim_1/new/test_Fifo.vhd
Note: End of pixel file
Time: 118190 ns  Iteration: 1  Process: /testbench_top_hog/romX  File: D:/ProgramasDoctorado/propuestadesdecero/propuestadesdecero.srcs/sim_1/new/test_Fifo.vhd
Note: End of pixel file
Time: 118200 ns  Iteration: 1  Process: /testbench_top_hog/romX  File: D:/ProgramasDoctorado/propuestadesdecero/propuestadesdecero.srcs/sim_1/new/test_Fifo.vhd
Note: End of pixel file
Time: 118210 ns  Iteration: 1  Process: /testbench_top_hog/romX  File: D:/ProgramasDoctorado/propuestadesdecero/propuestadesdecero.srcs/sim_1/new/test_Fifo.vhd
Note: End of pixel file
Time: 118220 ns  Iteration: 1  Process: /testbench_top_hog/romX  File: D:/ProgramasDoctorado/propuestadesdecero/propuestadesdecero.srcs/sim_1/new/test_Fifo.vhd
Note: End of pixel file
Time: 118230 ns  Iteration: 1  Process: /testbench_top_hog/romX  File: D:/ProgramasDoctorado/propuestadesdecero/propuestadesdecero.srcs/sim_1/new/test_Fifo.vhd
Note: End of pixel file
Time: 118240 ns  Iteration: 1  Process: /testbench_top_hog/romX  File: D:/ProgramasDoctorado/propuestadesdecero/propuestadesdecero.srcs/sim_1/new/test_Fifo.vhd
Note: End of pixel file
Time: 118250 ns  Iteration: 1  Process: /testbench_top_hog/romX  File: D:/ProgramasDoctorado/propuestadesdecero/propuestadesdecero.srcs/sim_1/new/test_Fifo.vhd
Note: End of pixel file
Time: 118260 ns  Iteration: 1  Process: /testbench_top_hog/romX  File: D:/ProgramasDoctorado/propuestadesdecero/propuestadesdecero.srcs/sim_1/new/test_Fifo.vhd
Note: End of pixel file
Time: 118270 ns  Iteration: 1  Process: /testbench_top_hog/romX  File: D:/ProgramasDoctorado/propuestadesdecero/propuestadesdecero.srcs/sim_1/new/test_Fifo.vhd
Note: End of pixel file
Time: 118280 ns  Iteration: 1  Process: /testbench_top_hog/romX  File: D:/ProgramasDoctorado/propuestadesdecero/propuestadesdecero.srcs/sim_1/new/test_Fifo.vhd
Note: End of pixel file
Time: 118290 ns  Iteration: 1  Process: /testbench_top_hog/romX  File: D:/ProgramasDoctorado/propuestadesdecero/propuestadesdecero.srcs/sim_1/new/test_Fifo.vhd
Note: End of pixel file
Time: 118300 ns  Iteration: 1  Process: /testbench_top_hog/romX  File: D:/ProgramasDoctorado/propuestadesdecero/propuestadesdecero.srcs/sim_1/new/test_Fifo.vhd
Note: End of pixel file
Time: 118310 ns  Iteration: 1  Process: /testbench_top_hog/romX  File: D:/ProgramasDoctorado/propuestadesdecero/propuestadesdecero.srcs/sim_1/new/test_Fifo.vhd
Note: End of pixel file
Time: 118320 ns  Iteration: 1  Process: /testbench_top_hog/romX  File: D:/ProgramasDoctorado/propuestadesdecero/propuestadesdecero.srcs/sim_1/new/test_Fifo.vhd
Note: End of pixel file
Time: 118330 ns  Iteration: 1  Process: /testbench_top_hog/romX  File: D:/ProgramasDoctorado/propuestadesdecero/propuestadesdecero.srcs/sim_1/new/test_Fifo.vhd
Note: End of pixel file
Time: 118340 ns  Iteration: 1  Process: /testbench_top_hog/romX  File: D:/ProgramasDoctorado/propuestadesdecero/propuestadesdecero.srcs/sim_1/new/test_Fifo.vhd
Note: End of pixel file
Time: 118350 ns  Iteration: 1  Process: /testbench_top_hog/romX  File: D:/ProgramasDoctorado/propuestadesdecero/propuestadesdecero.srcs/sim_1/new/test_Fifo.vhd
Note: End of pixel file
Time: 118360 ns  Iteration: 1  Process: /testbench_top_hog/romX  File: D:/ProgramasDoctorado/propuestadesdecero/propuestadesdecero.srcs/sim_1/new/test_Fifo.vhd
Note: End of pixel file
Time: 118370 ns  Iteration: 1  Process: /testbench_top_hog/romX  File: D:/ProgramasDoctorado/propuestadesdecero/propuestadesdecero.srcs/sim_1/new/test_Fifo.vhd
Note: End of pixel file
Time: 118380 ns  Iteration: 1  Process: /testbench_top_hog/romX  File: D:/ProgramasDoctorado/propuestadesdecero/propuestadesdecero.srcs/sim_1/new/test_Fifo.vhd
Note: End of pixel file
Time: 118390 ns  Iteration: 1  Process: /testbench_top_hog/romX  File: D:/ProgramasDoctorado/propuestadesdecero/propuestadesdecero.srcs/sim_1/new/test_Fifo.vhd
Note: End of pixel file
Time: 118400 ns  Iteration: 1  Process: /testbench_top_hog/romX  File: D:/ProgramasDoctorado/propuestadesdecero/propuestadesdecero.srcs/sim_1/new/test_Fifo.vhd
Note: End of pixel file
Time: 118410 ns  Iteration: 1  Process: /testbench_top_hog/romX  File: D:/ProgramasDoctorado/propuestadesdecero/propuestadesdecero.srcs/sim_1/new/test_Fifo.vhd
Note: End of pixel file
Time: 118420 ns  Iteration: 1  Process: /testbench_top_hog/romX  File: D:/ProgramasDoctorado/propuestadesdecero/propuestadesdecero.srcs/sim_1/new/test_Fifo.vhd
Note: End of pixel file
Time: 118430 ns  Iteration: 1  Process: /testbench_top_hog/romX  File: D:/ProgramasDoctorado/propuestadesdecero/propuestadesdecero.srcs/sim_1/new/test_Fifo.vhd
Note: End of pixel file
Time: 118440 ns  Iteration: 1  Process: /testbench_top_hog/romX  File: D:/ProgramasDoctorado/propuestadesdecero/propuestadesdecero.srcs/sim_1/new/test_Fifo.vhd
Note: End of pixel file
Time: 118450 ns  Iteration: 1  Process: /testbench_top_hog/romX  File: D:/ProgramasDoctorado/propuestadesdecero/propuestadesdecero.srcs/sim_1/new/test_Fifo.vhd
Note: End of pixel file
Time: 118460 ns  Iteration: 1  Process: /testbench_top_hog/romX  File: D:/ProgramasDoctorado/propuestadesdecero/propuestadesdecero.srcs/sim_1/new/test_Fifo.vhd
Note: End of pixel file
Time: 118470 ns  Iteration: 1  Process: /testbench_top_hog/romX  File: D:/ProgramasDoctorado/propuestadesdecero/propuestadesdecero.srcs/sim_1/new/test_Fifo.vhd
Note: End of pixel file
Time: 118480 ns  Iteration: 1  Process: /testbench_top_hog/romX  File: D:/ProgramasDoctorado/propuestadesdecero/propuestadesdecero.srcs/sim_1/new/test_Fifo.vhd
Note: End of pixel file
Time: 118490 ns  Iteration: 1  Process: /testbench_top_hog/romX  File: D:/ProgramasDoctorado/propuestadesdecero/propuestadesdecero.srcs/sim_1/new/test_Fifo.vhd
Note: End of pixel file
Time: 118500 ns  Iteration: 1  Process: /testbench_top_hog/romX  File: D:/ProgramasDoctorado/propuestadesdecero/propuestadesdecero.srcs/sim_1/new/test_Fifo.vhd
Note: End of pixel file
Time: 118510 ns  Iteration: 1  Process: /testbench_top_hog/romX  File: D:/ProgramasDoctorado/propuestadesdecero/propuestadesdecero.srcs/sim_1/new/test_Fifo.vhd
Note: End of pixel file
Time: 118520 ns  Iteration: 1  Process: /testbench_top_hog/romX  File: D:/ProgramasDoctorado/propuestadesdecero/propuestadesdecero.srcs/sim_1/new/test_Fifo.vhd
Note: End of pixel file
Time: 118530 ns  Iteration: 1  Process: /testbench_top_hog/romX  File: D:/ProgramasDoctorado/propuestadesdecero/propuestadesdecero.srcs/sim_1/new/test_Fifo.vhd
Note: End of pixel file
Time: 118540 ns  Iteration: 1  Process: /testbench_top_hog/romX  File: D:/ProgramasDoctorado/propuestadesdecero/propuestadesdecero.srcs/sim_1/new/test_Fifo.vhd
Note: End of pixel file
Time: 118550 ns  Iteration: 1  Process: /testbench_top_hog/romX  File: D:/ProgramasDoctorado/propuestadesdecero/propuestadesdecero.srcs/sim_1/new/test_Fifo.vhd
Note: End of pixel file
Time: 118560 ns  Iteration: 1  Process: /testbench_top_hog/romX  File: D:/ProgramasDoctorado/propuestadesdecero/propuestadesdecero.srcs/sim_1/new/test_Fifo.vhd
Note: End of pixel file
Time: 118570 ns  Iteration: 1  Process: /testbench_top_hog/romX  File: D:/ProgramasDoctorado/propuestadesdecero/propuestadesdecero.srcs/sim_1/new/test_Fifo.vhd
Note: End of pixel file
Time: 118580 ns  Iteration: 1  Process: /testbench_top_hog/romX  File: D:/ProgramasDoctorado/propuestadesdecero/propuestadesdecero.srcs/sim_1/new/test_Fifo.vhd
Note: End of pixel file
Time: 118590 ns  Iteration: 1  Process: /testbench_top_hog/romX  File: D:/ProgramasDoctorado/propuestadesdecero/propuestadesdecero.srcs/sim_1/new/test_Fifo.vhd
Note: End of pixel file
Time: 118600 ns  Iteration: 1  Process: /testbench_top_hog/romX  File: D:/ProgramasDoctorado/propuestadesdecero/propuestadesdecero.srcs/sim_1/new/test_Fifo.vhd
Note: End of pixel file
Time: 118610 ns  Iteration: 1  Process: /testbench_top_hog/romX  File: D:/ProgramasDoctorado/propuestadesdecero/propuestadesdecero.srcs/sim_1/new/test_Fifo.vhd
Note: End of pixel file
Time: 118620 ns  Iteration: 1  Process: /testbench_top_hog/romX  File: D:/ProgramasDoctorado/propuestadesdecero/propuestadesdecero.srcs/sim_1/new/test_Fifo.vhd
Note: End of pixel file
Time: 118630 ns  Iteration: 1  Process: /testbench_top_hog/romX  File: D:/ProgramasDoctorado/propuestadesdecero/propuestadesdecero.srcs/sim_1/new/test_Fifo.vhd
Note: End of pixel file
Time: 118640 ns  Iteration: 1  Process: /testbench_top_hog/romX  File: D:/ProgramasDoctorado/propuestadesdecero/propuestadesdecero.srcs/sim_1/new/test_Fifo.vhd
Note: End of pixel file
Time: 118650 ns  Iteration: 1  Process: /testbench_top_hog/romX  File: D:/ProgramasDoctorado/propuestadesdecero/propuestadesdecero.srcs/sim_1/new/test_Fifo.vhd
Note: End of pixel file
Time: 118660 ns  Iteration: 1  Process: /testbench_top_hog/romX  File: D:/ProgramasDoctorado/propuestadesdecero/propuestadesdecero.srcs/sim_1/new/test_Fifo.vhd
Note: End of pixel file
Time: 118670 ns  Iteration: 1  Process: /testbench_top_hog/romX  File: D:/ProgramasDoctorado/propuestadesdecero/propuestadesdecero.srcs/sim_1/new/test_Fifo.vhd
Note: End of pixel file
Time: 118680 ns  Iteration: 1  Process: /testbench_top_hog/romX  File: D:/ProgramasDoctorado/propuestadesdecero/propuestadesdecero.srcs/sim_1/new/test_Fifo.vhd
Note: End of pixel file
Time: 118690 ns  Iteration: 1  Process: /testbench_top_hog/romX  File: D:/ProgramasDoctorado/propuestadesdecero/propuestadesdecero.srcs/sim_1/new/test_Fifo.vhd
Note: End of pixel file
Time: 118700 ns  Iteration: 1  Process: /testbench_top_hog/romX  File: D:/ProgramasDoctorado/propuestadesdecero/propuestadesdecero.srcs/sim_1/new/test_Fifo.vhd
Note: End of pixel file
Time: 118710 ns  Iteration: 1  Process: /testbench_top_hog/romX  File: D:/ProgramasDoctorado/propuestadesdecero/propuestadesdecero.srcs/sim_1/new/test_Fifo.vhd
Note: End of pixel file
Time: 118720 ns  Iteration: 1  Process: /testbench_top_hog/romX  File: D:/ProgramasDoctorado/propuestadesdecero/propuestadesdecero.srcs/sim_1/new/test_Fifo.vhd
Note: End of pixel file
Time: 118730 ns  Iteration: 1  Process: /testbench_top_hog/romX  File: D:/ProgramasDoctorado/propuestadesdecero/propuestadesdecero.srcs/sim_1/new/test_Fifo.vhd
Note: End of pixel file
Time: 118740 ns  Iteration: 1  Process: /testbench_top_hog/romX  File: D:/ProgramasDoctorado/propuestadesdecero/propuestadesdecero.srcs/sim_1/new/test_Fifo.vhd
Note: End of pixel file
Time: 118750 ns  Iteration: 1  Process: /testbench_top_hog/romX  File: D:/ProgramasDoctorado/propuestadesdecero/propuestadesdecero.srcs/sim_1/new/test_Fifo.vhd
Note: End of pixel file
Time: 118760 ns  Iteration: 1  Process: /testbench_top_hog/romX  File: D:/ProgramasDoctorado/propuestadesdecero/propuestadesdecero.srcs/sim_1/new/test_Fifo.vhd
Note: End of pixel file
Time: 118770 ns  Iteration: 1  Process: /testbench_top_hog/romX  File: D:/ProgramasDoctorado/propuestadesdecero/propuestadesdecero.srcs/sim_1/new/test_Fifo.vhd
Note: End of pixel file
Time: 118780 ns  Iteration: 1  Process: /testbench_top_hog/romX  File: D:/ProgramasDoctorado/propuestadesdecero/propuestadesdecero.srcs/sim_1/new/test_Fifo.vhd
Note: End of pixel file
Time: 118790 ns  Iteration: 1  Process: /testbench_top_hog/romX  File: D:/ProgramasDoctorado/propuestadesdecero/propuestadesdecero.srcs/sim_1/new/test_Fifo.vhd
Note: End of pixel file
Time: 118800 ns  Iteration: 1  Process: /testbench_top_hog/romX  File: D:/ProgramasDoctorado/propuestadesdecero/propuestadesdecero.srcs/sim_1/new/test_Fifo.vhd
Note: End of pixel file
Time: 118810 ns  Iteration: 1  Process: /testbench_top_hog/romX  File: D:/ProgramasDoctorado/propuestadesdecero/propuestadesdecero.srcs/sim_1/new/test_Fifo.vhd
Note: End of pixel file
Time: 118820 ns  Iteration: 1  Process: /testbench_top_hog/romX  File: D:/ProgramasDoctorado/propuestadesdecero/propuestadesdecero.srcs/sim_1/new/test_Fifo.vhd
Note: End of pixel file
Time: 118830 ns  Iteration: 1  Process: /testbench_top_hog/romX  File: D:/ProgramasDoctorado/propuestadesdecero/propuestadesdecero.srcs/sim_1/new/test_Fifo.vhd
Note: End of pixel file
Time: 118840 ns  Iteration: 1  Process: /testbench_top_hog/romX  File: D:/ProgramasDoctorado/propuestadesdecero/propuestadesdecero.srcs/sim_1/new/test_Fifo.vhd
Note: End of pixel file
Time: 118850 ns  Iteration: 1  Process: /testbench_top_hog/romX  File: D:/ProgramasDoctorado/propuestadesdecero/propuestadesdecero.srcs/sim_1/new/test_Fifo.vhd
Note: End of pixel file
Time: 118860 ns  Iteration: 1  Process: /testbench_top_hog/romX  File: D:/ProgramasDoctorado/propuestadesdecero/propuestadesdecero.srcs/sim_1/new/test_Fifo.vhd
Note: End of pixel file
Time: 118870 ns  Iteration: 1  Process: /testbench_top_hog/romX  File: D:/ProgramasDoctorado/propuestadesdecero/propuestadesdecero.srcs/sim_1/new/test_Fifo.vhd
Note: End of pixel file
Time: 118880 ns  Iteration: 1  Process: /testbench_top_hog/romX  File: D:/ProgramasDoctorado/propuestadesdecero/propuestadesdecero.srcs/sim_1/new/test_Fifo.vhd
Note: End of pixel file
Time: 118890 ns  Iteration: 1  Process: /testbench_top_hog/romX  File: D:/ProgramasDoctorado/propuestadesdecero/propuestadesdecero.srcs/sim_1/new/test_Fifo.vhd
Note: End of pixel file
Time: 118900 ns  Iteration: 1  Process: /testbench_top_hog/romX  File: D:/ProgramasDoctorado/propuestadesdecero/propuestadesdecero.srcs/sim_1/new/test_Fifo.vhd
Note: End of pixel file
Time: 118910 ns  Iteration: 1  Process: /testbench_top_hog/romX  File: D:/ProgramasDoctorado/propuestadesdecero/propuestadesdecero.srcs/sim_1/new/test_Fifo.vhd
Note: End of pixel file
Time: 118920 ns  Iteration: 1  Process: /testbench_top_hog/romX  File: D:/ProgramasDoctorado/propuestadesdecero/propuestadesdecero.srcs/sim_1/new/test_Fifo.vhd
Note: End of pixel file
Time: 118930 ns  Iteration: 1  Process: /testbench_top_hog/romX  File: D:/ProgramasDoctorado/propuestadesdecero/propuestadesdecero.srcs/sim_1/new/test_Fifo.vhd
Note: End of pixel file
Time: 118940 ns  Iteration: 1  Process: /testbench_top_hog/romX  File: D:/ProgramasDoctorado/propuestadesdecero/propuestadesdecero.srcs/sim_1/new/test_Fifo.vhd
Note: End of pixel file
Time: 118950 ns  Iteration: 1  Process: /testbench_top_hog/romX  File: D:/ProgramasDoctorado/propuestadesdecero/propuestadesdecero.srcs/sim_1/new/test_Fifo.vhd
Note: End of pixel file
Time: 118960 ns  Iteration: 1  Process: /testbench_top_hog/romX  File: D:/ProgramasDoctorado/propuestadesdecero/propuestadesdecero.srcs/sim_1/new/test_Fifo.vhd
Note: End of pixel file
Time: 118970 ns  Iteration: 1  Process: /testbench_top_hog/romX  File: D:/ProgramasDoctorado/propuestadesdecero/propuestadesdecero.srcs/sim_1/new/test_Fifo.vhd
Note: End of pixel file
Time: 118980 ns  Iteration: 1  Process: /testbench_top_hog/romX  File: D:/ProgramasDoctorado/propuestadesdecero/propuestadesdecero.srcs/sim_1/new/test_Fifo.vhd
Note: End of pixel file
Time: 118990 ns  Iteration: 1  Process: /testbench_top_hog/romX  File: D:/ProgramasDoctorado/propuestadesdecero/propuestadesdecero.srcs/sim_1/new/test_Fifo.vhd
Note: End of pixel file
Time: 119 us  Iteration: 1  Process: /testbench_top_hog/romX  File: D:/ProgramasDoctorado/propuestadesdecero/propuestadesdecero.srcs/sim_1/new/test_Fifo.vhd
Note: End of pixel file
Time: 119010 ns  Iteration: 1  Process: /testbench_top_hog/romX  File: D:/ProgramasDoctorado/propuestadesdecero/propuestadesdecero.srcs/sim_1/new/test_Fifo.vhd
Note: End of pixel file
Time: 119020 ns  Iteration: 1  Process: /testbench_top_hog/romX  File: D:/ProgramasDoctorado/propuestadesdecero/propuestadesdecero.srcs/sim_1/new/test_Fifo.vhd
Note: End of pixel file
Time: 119030 ns  Iteration: 1  Process: /testbench_top_hog/romX  File: D:/ProgramasDoctorado/propuestadesdecero/propuestadesdecero.srcs/sim_1/new/test_Fifo.vhd
Note: End of pixel file
Time: 119040 ns  Iteration: 1  Process: /testbench_top_hog/romX  File: D:/ProgramasDoctorado/propuestadesdecero/propuestadesdecero.srcs/sim_1/new/test_Fifo.vhd
Note: End of pixel file
Time: 119050 ns  Iteration: 1  Process: /testbench_top_hog/romX  File: D:/ProgramasDoctorado/propuestadesdecero/propuestadesdecero.srcs/sim_1/new/test_Fifo.vhd
Note: End of pixel file
Time: 119060 ns  Iteration: 1  Process: /testbench_top_hog/romX  File: D:/ProgramasDoctorado/propuestadesdecero/propuestadesdecero.srcs/sim_1/new/test_Fifo.vhd
Note: End of pixel file
Time: 119070 ns  Iteration: 1  Process: /testbench_top_hog/romX  File: D:/ProgramasDoctorado/propuestadesdecero/propuestadesdecero.srcs/sim_1/new/test_Fifo.vhd
Note: End of pixel file
Time: 119080 ns  Iteration: 1  Process: /testbench_top_hog/romX  File: D:/ProgramasDoctorado/propuestadesdecero/propuestadesdecero.srcs/sim_1/new/test_Fifo.vhd
Note: End of pixel file
Time: 119090 ns  Iteration: 1  Process: /testbench_top_hog/romX  File: D:/ProgramasDoctorado/propuestadesdecero/propuestadesdecero.srcs/sim_1/new/test_Fifo.vhd
Note: End of pixel file
Time: 119100 ns  Iteration: 1  Process: /testbench_top_hog/romX  File: D:/ProgramasDoctorado/propuestadesdecero/propuestadesdecero.srcs/sim_1/new/test_Fifo.vhd
Note: End of pixel file
Time: 119110 ns  Iteration: 1  Process: /testbench_top_hog/romX  File: D:/ProgramasDoctorado/propuestadesdecero/propuestadesdecero.srcs/sim_1/new/test_Fifo.vhd
Note: End of pixel file
Time: 119120 ns  Iteration: 1  Process: /testbench_top_hog/romX  File: D:/ProgramasDoctorado/propuestadesdecero/propuestadesdecero.srcs/sim_1/new/test_Fifo.vhd
Note: End of pixel file
Time: 119130 ns  Iteration: 1  Process: /testbench_top_hog/romX  File: D:/ProgramasDoctorado/propuestadesdecero/propuestadesdecero.srcs/sim_1/new/test_Fifo.vhd
Note: End of pixel file
Time: 119140 ns  Iteration: 1  Process: /testbench_top_hog/romX  File: D:/ProgramasDoctorado/propuestadesdecero/propuestadesdecero.srcs/sim_1/new/test_Fifo.vhd
Note: End of pixel file
Time: 119150 ns  Iteration: 1  Process: /testbench_top_hog/romX  File: D:/ProgramasDoctorado/propuestadesdecero/propuestadesdecero.srcs/sim_1/new/test_Fifo.vhd
Note: End of pixel file
Time: 119160 ns  Iteration: 1  Process: /testbench_top_hog/romX  File: D:/ProgramasDoctorado/propuestadesdecero/propuestadesdecero.srcs/sim_1/new/test_Fifo.vhd
Note: End of pixel file
Time: 119170 ns  Iteration: 1  Process: /testbench_top_hog/romX  File: D:/ProgramasDoctorado/propuestadesdecero/propuestadesdecero.srcs/sim_1/new/test_Fifo.vhd
Note: End of pixel file
Time: 119180 ns  Iteration: 1  Process: /testbench_top_hog/romX  File: D:/ProgramasDoctorado/propuestadesdecero/propuestadesdecero.srcs/sim_1/new/test_Fifo.vhd
Note: End of pixel file
Time: 119190 ns  Iteration: 1  Process: /testbench_top_hog/romX  File: D:/ProgramasDoctorado/propuestadesdecero/propuestadesdecero.srcs/sim_1/new/test_Fifo.vhd
Note: End of pixel file
Time: 119200 ns  Iteration: 1  Process: /testbench_top_hog/romX  File: D:/ProgramasDoctorado/propuestadesdecero/propuestadesdecero.srcs/sim_1/new/test_Fifo.vhd
Note: End of pixel file
Time: 119210 ns  Iteration: 1  Process: /testbench_top_hog/romX  File: D:/ProgramasDoctorado/propuestadesdecero/propuestadesdecero.srcs/sim_1/new/test_Fifo.vhd
Note: End of pixel file
Time: 119220 ns  Iteration: 1  Process: /testbench_top_hog/romX  File: D:/ProgramasDoctorado/propuestadesdecero/propuestadesdecero.srcs/sim_1/new/test_Fifo.vhd
Note: End of pixel file
Time: 119230 ns  Iteration: 1  Process: /testbench_top_hog/romX  File: D:/ProgramasDoctorado/propuestadesdecero/propuestadesdecero.srcs/sim_1/new/test_Fifo.vhd
Note: End of pixel file
Time: 119240 ns  Iteration: 1  Process: /testbench_top_hog/romX  File: D:/ProgramasDoctorado/propuestadesdecero/propuestadesdecero.srcs/sim_1/new/test_Fifo.vhd
Note: End of pixel file
Time: 119250 ns  Iteration: 1  Process: /testbench_top_hog/romX  File: D:/ProgramasDoctorado/propuestadesdecero/propuestadesdecero.srcs/sim_1/new/test_Fifo.vhd
Note: End of pixel file
Time: 119260 ns  Iteration: 1  Process: /testbench_top_hog/romX  File: D:/ProgramasDoctorado/propuestadesdecero/propuestadesdecero.srcs/sim_1/new/test_Fifo.vhd
Note: End of pixel file
Time: 119270 ns  Iteration: 1  Process: /testbench_top_hog/romX  File: D:/ProgramasDoctorado/propuestadesdecero/propuestadesdecero.srcs/sim_1/new/test_Fifo.vhd
Note: End of pixel file
Time: 119280 ns  Iteration: 1  Process: /testbench_top_hog/romX  File: D:/ProgramasDoctorado/propuestadesdecero/propuestadesdecero.srcs/sim_1/new/test_Fifo.vhd
Note: End of pixel file
Time: 119290 ns  Iteration: 1  Process: /testbench_top_hog/romX  File: D:/ProgramasDoctorado/propuestadesdecero/propuestadesdecero.srcs/sim_1/new/test_Fifo.vhd
Note: End of pixel file
Time: 119300 ns  Iteration: 1  Process: /testbench_top_hog/romX  File: D:/ProgramasDoctorado/propuestadesdecero/propuestadesdecero.srcs/sim_1/new/test_Fifo.vhd
Note: End of pixel file
Time: 119310 ns  Iteration: 1  Process: /testbench_top_hog/romX  File: D:/ProgramasDoctorado/propuestadesdecero/propuestadesdecero.srcs/sim_1/new/test_Fifo.vhd
Note: End of pixel file
Time: 119320 ns  Iteration: 1  Process: /testbench_top_hog/romX  File: D:/ProgramasDoctorado/propuestadesdecero/propuestadesdecero.srcs/sim_1/new/test_Fifo.vhd
Note: End of pixel file
Time: 119330 ns  Iteration: 1  Process: /testbench_top_hog/romX  File: D:/ProgramasDoctorado/propuestadesdecero/propuestadesdecero.srcs/sim_1/new/test_Fifo.vhd
Note: End of pixel file
Time: 119340 ns  Iteration: 1  Process: /testbench_top_hog/romX  File: D:/ProgramasDoctorado/propuestadesdecero/propuestadesdecero.srcs/sim_1/new/test_Fifo.vhd
Note: End of pixel file
Time: 119350 ns  Iteration: 1  Process: /testbench_top_hog/romX  File: D:/ProgramasDoctorado/propuestadesdecero/propuestadesdecero.srcs/sim_1/new/test_Fifo.vhd
Note: End of pixel file
Time: 119360 ns  Iteration: 1  Process: /testbench_top_hog/romX  File: D:/ProgramasDoctorado/propuestadesdecero/propuestadesdecero.srcs/sim_1/new/test_Fifo.vhd
Note: End of pixel file
Time: 119370 ns  Iteration: 1  Process: /testbench_top_hog/romX  File: D:/ProgramasDoctorado/propuestadesdecero/propuestadesdecero.srcs/sim_1/new/test_Fifo.vhd
Note: End of pixel file
Time: 119380 ns  Iteration: 1  Process: /testbench_top_hog/romX  File: D:/ProgramasDoctorado/propuestadesdecero/propuestadesdecero.srcs/sim_1/new/test_Fifo.vhd
Note: End of pixel file
Time: 119390 ns  Iteration: 1  Process: /testbench_top_hog/romX  File: D:/ProgramasDoctorado/propuestadesdecero/propuestadesdecero.srcs/sim_1/new/test_Fifo.vhd
Note: End of pixel file
Time: 119400 ns  Iteration: 1  Process: /testbench_top_hog/romX  File: D:/ProgramasDoctorado/propuestadesdecero/propuestadesdecero.srcs/sim_1/new/test_Fifo.vhd
Note: End of pixel file
Time: 119410 ns  Iteration: 1  Process: /testbench_top_hog/romX  File: D:/ProgramasDoctorado/propuestadesdecero/propuestadesdecero.srcs/sim_1/new/test_Fifo.vhd
Note: End of pixel file
Time: 119420 ns  Iteration: 1  Process: /testbench_top_hog/romX  File: D:/ProgramasDoctorado/propuestadesdecero/propuestadesdecero.srcs/sim_1/new/test_Fifo.vhd
Note: End of pixel file
Time: 119430 ns  Iteration: 1  Process: /testbench_top_hog/romX  File: D:/ProgramasDoctorado/propuestadesdecero/propuestadesdecero.srcs/sim_1/new/test_Fifo.vhd
Note: End of pixel file
Time: 119440 ns  Iteration: 1  Process: /testbench_top_hog/romX  File: D:/ProgramasDoctorado/propuestadesdecero/propuestadesdecero.srcs/sim_1/new/test_Fifo.vhd
Note: End of pixel file
Time: 119450 ns  Iteration: 1  Process: /testbench_top_hog/romX  File: D:/ProgramasDoctorado/propuestadesdecero/propuestadesdecero.srcs/sim_1/new/test_Fifo.vhd
Note: End of pixel file
Time: 119460 ns  Iteration: 1  Process: /testbench_top_hog/romX  File: D:/ProgramasDoctorado/propuestadesdecero/propuestadesdecero.srcs/sim_1/new/test_Fifo.vhd
Note: End of pixel file
Time: 119470 ns  Iteration: 1  Process: /testbench_top_hog/romX  File: D:/ProgramasDoctorado/propuestadesdecero/propuestadesdecero.srcs/sim_1/new/test_Fifo.vhd
Note: End of pixel file
Time: 119480 ns  Iteration: 1  Process: /testbench_top_hog/romX  File: D:/ProgramasDoctorado/propuestadesdecero/propuestadesdecero.srcs/sim_1/new/test_Fifo.vhd
Note: End of pixel file
Time: 119490 ns  Iteration: 1  Process: /testbench_top_hog/romX  File: D:/ProgramasDoctorado/propuestadesdecero/propuestadesdecero.srcs/sim_1/new/test_Fifo.vhd
Note: End of pixel file
Time: 119500 ns  Iteration: 1  Process: /testbench_top_hog/romX  File: D:/ProgramasDoctorado/propuestadesdecero/propuestadesdecero.srcs/sim_1/new/test_Fifo.vhd
Note: End of pixel file
Time: 119510 ns  Iteration: 1  Process: /testbench_top_hog/romX  File: D:/ProgramasDoctorado/propuestadesdecero/propuestadesdecero.srcs/sim_1/new/test_Fifo.vhd
Note: End of pixel file
Time: 119520 ns  Iteration: 1  Process: /testbench_top_hog/romX  File: D:/ProgramasDoctorado/propuestadesdecero/propuestadesdecero.srcs/sim_1/new/test_Fifo.vhd
Note: End of pixel file
Time: 119530 ns  Iteration: 1  Process: /testbench_top_hog/romX  File: D:/ProgramasDoctorado/propuestadesdecero/propuestadesdecero.srcs/sim_1/new/test_Fifo.vhd
Note: End of pixel file
Time: 119540 ns  Iteration: 1  Process: /testbench_top_hog/romX  File: D:/ProgramasDoctorado/propuestadesdecero/propuestadesdecero.srcs/sim_1/new/test_Fifo.vhd
Note: End of pixel file
Time: 119550 ns  Iteration: 1  Process: /testbench_top_hog/romX  File: D:/ProgramasDoctorado/propuestadesdecero/propuestadesdecero.srcs/sim_1/new/test_Fifo.vhd
Note: End of pixel file
Time: 119560 ns  Iteration: 1  Process: /testbench_top_hog/romX  File: D:/ProgramasDoctorado/propuestadesdecero/propuestadesdecero.srcs/sim_1/new/test_Fifo.vhd
Note: End of pixel file
Time: 119570 ns  Iteration: 1  Process: /testbench_top_hog/romX  File: D:/ProgramasDoctorado/propuestadesdecero/propuestadesdecero.srcs/sim_1/new/test_Fifo.vhd
Note: End of pixel file
Time: 119580 ns  Iteration: 1  Process: /testbench_top_hog/romX  File: D:/ProgramasDoctorado/propuestadesdecero/propuestadesdecero.srcs/sim_1/new/test_Fifo.vhd
Note: End of pixel file
Time: 119590 ns  Iteration: 1  Process: /testbench_top_hog/romX  File: D:/ProgramasDoctorado/propuestadesdecero/propuestadesdecero.srcs/sim_1/new/test_Fifo.vhd
Note: End of pixel file
Time: 119600 ns  Iteration: 1  Process: /testbench_top_hog/romX  File: D:/ProgramasDoctorado/propuestadesdecero/propuestadesdecero.srcs/sim_1/new/test_Fifo.vhd
Note: End of pixel file
Time: 119610 ns  Iteration: 1  Process: /testbench_top_hog/romX  File: D:/ProgramasDoctorado/propuestadesdecero/propuestadesdecero.srcs/sim_1/new/test_Fifo.vhd
Note: End of pixel file
Time: 119620 ns  Iteration: 1  Process: /testbench_top_hog/romX  File: D:/ProgramasDoctorado/propuestadesdecero/propuestadesdecero.srcs/sim_1/new/test_Fifo.vhd
Note: End of pixel file
Time: 119630 ns  Iteration: 1  Process: /testbench_top_hog/romX  File: D:/ProgramasDoctorado/propuestadesdecero/propuestadesdecero.srcs/sim_1/new/test_Fifo.vhd
Note: End of pixel file
Time: 119640 ns  Iteration: 1  Process: /testbench_top_hog/romX  File: D:/ProgramasDoctorado/propuestadesdecero/propuestadesdecero.srcs/sim_1/new/test_Fifo.vhd
Note: End of pixel file
Time: 119650 ns  Iteration: 1  Process: /testbench_top_hog/romX  File: D:/ProgramasDoctorado/propuestadesdecero/propuestadesdecero.srcs/sim_1/new/test_Fifo.vhd
Note: End of pixel file
Time: 119660 ns  Iteration: 1  Process: /testbench_top_hog/romX  File: D:/ProgramasDoctorado/propuestadesdecero/propuestadesdecero.srcs/sim_1/new/test_Fifo.vhd
Note: End of pixel file
Time: 119670 ns  Iteration: 1  Process: /testbench_top_hog/romX  File: D:/ProgramasDoctorado/propuestadesdecero/propuestadesdecero.srcs/sim_1/new/test_Fifo.vhd
Note: End of pixel file
Time: 119680 ns  Iteration: 1  Process: /testbench_top_hog/romX  File: D:/ProgramasDoctorado/propuestadesdecero/propuestadesdecero.srcs/sim_1/new/test_Fifo.vhd
Note: End of pixel file
Time: 119690 ns  Iteration: 1  Process: /testbench_top_hog/romX  File: D:/ProgramasDoctorado/propuestadesdecero/propuestadesdecero.srcs/sim_1/new/test_Fifo.vhd
Note: End of pixel file
Time: 119700 ns  Iteration: 1  Process: /testbench_top_hog/romX  File: D:/ProgramasDoctorado/propuestadesdecero/propuestadesdecero.srcs/sim_1/new/test_Fifo.vhd
Note: End of pixel file
Time: 119710 ns  Iteration: 1  Process: /testbench_top_hog/romX  File: D:/ProgramasDoctorado/propuestadesdecero/propuestadesdecero.srcs/sim_1/new/test_Fifo.vhd
Note: End of pixel file
Time: 119720 ns  Iteration: 1  Process: /testbench_top_hog/romX  File: D:/ProgramasDoctorado/propuestadesdecero/propuestadesdecero.srcs/sim_1/new/test_Fifo.vhd
Note: End of pixel file
Time: 119730 ns  Iteration: 1  Process: /testbench_top_hog/romX  File: D:/ProgramasDoctorado/propuestadesdecero/propuestadesdecero.srcs/sim_1/new/test_Fifo.vhd
Note: End of pixel file
Time: 119740 ns  Iteration: 1  Process: /testbench_top_hog/romX  File: D:/ProgramasDoctorado/propuestadesdecero/propuestadesdecero.srcs/sim_1/new/test_Fifo.vhd
Note: End of pixel file
Time: 119750 ns  Iteration: 1  Process: /testbench_top_hog/romX  File: D:/ProgramasDoctorado/propuestadesdecero/propuestadesdecero.srcs/sim_1/new/test_Fifo.vhd
Note: End of pixel file
Time: 119760 ns  Iteration: 1  Process: /testbench_top_hog/romX  File: D:/ProgramasDoctorado/propuestadesdecero/propuestadesdecero.srcs/sim_1/new/test_Fifo.vhd
Note: End of pixel file
Time: 119770 ns  Iteration: 1  Process: /testbench_top_hog/romX  File: D:/ProgramasDoctorado/propuestadesdecero/propuestadesdecero.srcs/sim_1/new/test_Fifo.vhd
Note: End of pixel file
Time: 119780 ns  Iteration: 1  Process: /testbench_top_hog/romX  File: D:/ProgramasDoctorado/propuestadesdecero/propuestadesdecero.srcs/sim_1/new/test_Fifo.vhd
Note: End of pixel file
Time: 119790 ns  Iteration: 1  Process: /testbench_top_hog/romX  File: D:/ProgramasDoctorado/propuestadesdecero/propuestadesdecero.srcs/sim_1/new/test_Fifo.vhd
Note: End of pixel file
Time: 119800 ns  Iteration: 1  Process: /testbench_top_hog/romX  File: D:/ProgramasDoctorado/propuestadesdecero/propuestadesdecero.srcs/sim_1/new/test_Fifo.vhd
Note: End of pixel file
Time: 119810 ns  Iteration: 1  Process: /testbench_top_hog/romX  File: D:/ProgramasDoctorado/propuestadesdecero/propuestadesdecero.srcs/sim_1/new/test_Fifo.vhd
Note: End of pixel file
Time: 119820 ns  Iteration: 1  Process: /testbench_top_hog/romX  File: D:/ProgramasDoctorado/propuestadesdecero/propuestadesdecero.srcs/sim_1/new/test_Fifo.vhd
Note: End of pixel file
Time: 119830 ns  Iteration: 1  Process: /testbench_top_hog/romX  File: D:/ProgramasDoctorado/propuestadesdecero/propuestadesdecero.srcs/sim_1/new/test_Fifo.vhd
Note: End of pixel file
Time: 119840 ns  Iteration: 1  Process: /testbench_top_hog/romX  File: D:/ProgramasDoctorado/propuestadesdecero/propuestadesdecero.srcs/sim_1/new/test_Fifo.vhd
Note: End of pixel file
Time: 119850 ns  Iteration: 1  Process: /testbench_top_hog/romX  File: D:/ProgramasDoctorado/propuestadesdecero/propuestadesdecero.srcs/sim_1/new/test_Fifo.vhd
Note: End of pixel file
Time: 119860 ns  Iteration: 1  Process: /testbench_top_hog/romX  File: D:/ProgramasDoctorado/propuestadesdecero/propuestadesdecero.srcs/sim_1/new/test_Fifo.vhd
Note: End of pixel file
Time: 119870 ns  Iteration: 1  Process: /testbench_top_hog/romX  File: D:/ProgramasDoctorado/propuestadesdecero/propuestadesdecero.srcs/sim_1/new/test_Fifo.vhd
Note: End of pixel file
Time: 119880 ns  Iteration: 1  Process: /testbench_top_hog/romX  File: D:/ProgramasDoctorado/propuestadesdecero/propuestadesdecero.srcs/sim_1/new/test_Fifo.vhd
Note: End of pixel file
Time: 119890 ns  Iteration: 1  Process: /testbench_top_hog/romX  File: D:/ProgramasDoctorado/propuestadesdecero/propuestadesdecero.srcs/sim_1/new/test_Fifo.vhd
Note: End of pixel file
Time: 119900 ns  Iteration: 1  Process: /testbench_top_hog/romX  File: D:/ProgramasDoctorado/propuestadesdecero/propuestadesdecero.srcs/sim_1/new/test_Fifo.vhd
Note: End of pixel file
Time: 119910 ns  Iteration: 1  Process: /testbench_top_hog/romX  File: D:/ProgramasDoctorado/propuestadesdecero/propuestadesdecero.srcs/sim_1/new/test_Fifo.vhd
Note: End of pixel file
Time: 119920 ns  Iteration: 1  Process: /testbench_top_hog/romX  File: D:/ProgramasDoctorado/propuestadesdecero/propuestadesdecero.srcs/sim_1/new/test_Fifo.vhd
Note: End of pixel file
Time: 119930 ns  Iteration: 1  Process: /testbench_top_hog/romX  File: D:/ProgramasDoctorado/propuestadesdecero/propuestadesdecero.srcs/sim_1/new/test_Fifo.vhd
Note: End of pixel file
Time: 119940 ns  Iteration: 1  Process: /testbench_top_hog/romX  File: D:/ProgramasDoctorado/propuestadesdecero/propuestadesdecero.srcs/sim_1/new/test_Fifo.vhd
Note: End of pixel file
Time: 119950 ns  Iteration: 1  Process: /testbench_top_hog/romX  File: D:/ProgramasDoctorado/propuestadesdecero/propuestadesdecero.srcs/sim_1/new/test_Fifo.vhd
Note: End of pixel file
Time: 119960 ns  Iteration: 1  Process: /testbench_top_hog/romX  File: D:/ProgramasDoctorado/propuestadesdecero/propuestadesdecero.srcs/sim_1/new/test_Fifo.vhd
Note: End of pixel file
Time: 119970 ns  Iteration: 1  Process: /testbench_top_hog/romX  File: D:/ProgramasDoctorado/propuestadesdecero/propuestadesdecero.srcs/sim_1/new/test_Fifo.vhd
Note: End of pixel file
Time: 119980 ns  Iteration: 1  Process: /testbench_top_hog/romX  File: D:/ProgramasDoctorado/propuestadesdecero/propuestadesdecero.srcs/sim_1/new/test_Fifo.vhd
Note: End of pixel file
Time: 119990 ns  Iteration: 1  Process: /testbench_top_hog/romX  File: D:/ProgramasDoctorado/propuestadesdecero/propuestadesdecero.srcs/sim_1/new/test_Fifo.vhd
Note: End of pixel file
Time: 120 us  Iteration: 1  Process: /testbench_top_hog/romX  File: D:/ProgramasDoctorado/propuestadesdecero/propuestadesdecero.srcs/sim_1/new/test_Fifo.vhd
Note: End of pixel file
Time: 120010 ns  Iteration: 1  Process: /testbench_top_hog/romX  File: D:/ProgramasDoctorado/propuestadesdecero/propuestadesdecero.srcs/sim_1/new/test_Fifo.vhd
Note: End of pixel file
Time: 120020 ns  Iteration: 1  Process: /testbench_top_hog/romX  File: D:/ProgramasDoctorado/propuestadesdecero/propuestadesdecero.srcs/sim_1/new/test_Fifo.vhd
Note: End of pixel file
Time: 120030 ns  Iteration: 1  Process: /testbench_top_hog/romX  File: D:/ProgramasDoctorado/propuestadesdecero/propuestadesdecero.srcs/sim_1/new/test_Fifo.vhd
Note: End of pixel file
Time: 120040 ns  Iteration: 1  Process: /testbench_top_hog/romX  File: D:/ProgramasDoctorado/propuestadesdecero/propuestadesdecero.srcs/sim_1/new/test_Fifo.vhd
Note: End of pixel file
Time: 120050 ns  Iteration: 1  Process: /testbench_top_hog/romX  File: D:/ProgramasDoctorado/propuestadesdecero/propuestadesdecero.srcs/sim_1/new/test_Fifo.vhd
Note: End of pixel file
Time: 120060 ns  Iteration: 1  Process: /testbench_top_hog/romX  File: D:/ProgramasDoctorado/propuestadesdecero/propuestadesdecero.srcs/sim_1/new/test_Fifo.vhd
Note: End of pixel file
Time: 120070 ns  Iteration: 1  Process: /testbench_top_hog/romX  File: D:/ProgramasDoctorado/propuestadesdecero/propuestadesdecero.srcs/sim_1/new/test_Fifo.vhd
Note: End of pixel file
Time: 120080 ns  Iteration: 1  Process: /testbench_top_hog/romX  File: D:/ProgramasDoctorado/propuestadesdecero/propuestadesdecero.srcs/sim_1/new/test_Fifo.vhd
Note: End of pixel file
Time: 120090 ns  Iteration: 1  Process: /testbench_top_hog/romX  File: D:/ProgramasDoctorado/propuestadesdecero/propuestadesdecero.srcs/sim_1/new/test_Fifo.vhd
Note: End of pixel file
Time: 120100 ns  Iteration: 1  Process: /testbench_top_hog/romX  File: D:/ProgramasDoctorado/propuestadesdecero/propuestadesdecero.srcs/sim_1/new/test_Fifo.vhd
Note: End of pixel file
Time: 120110 ns  Iteration: 1  Process: /testbench_top_hog/romX  File: D:/ProgramasDoctorado/propuestadesdecero/propuestadesdecero.srcs/sim_1/new/test_Fifo.vhd
Note: End of pixel file
Time: 120120 ns  Iteration: 1  Process: /testbench_top_hog/romX  File: D:/ProgramasDoctorado/propuestadesdecero/propuestadesdecero.srcs/sim_1/new/test_Fifo.vhd
Note: End of pixel file
Time: 120130 ns  Iteration: 1  Process: /testbench_top_hog/romX  File: D:/ProgramasDoctorado/propuestadesdecero/propuestadesdecero.srcs/sim_1/new/test_Fifo.vhd
Note: End of pixel file
Time: 120140 ns  Iteration: 1  Process: /testbench_top_hog/romX  File: D:/ProgramasDoctorado/propuestadesdecero/propuestadesdecero.srcs/sim_1/new/test_Fifo.vhd
Note: End of pixel file
Time: 120150 ns  Iteration: 1  Process: /testbench_top_hog/romX  File: D:/ProgramasDoctorado/propuestadesdecero/propuestadesdecero.srcs/sim_1/new/test_Fifo.vhd
Note: End of pixel file
Time: 120160 ns  Iteration: 1  Process: /testbench_top_hog/romX  File: D:/ProgramasDoctorado/propuestadesdecero/propuestadesdecero.srcs/sim_1/new/test_Fifo.vhd
Note: End of pixel file
Time: 120170 ns  Iteration: 1  Process: /testbench_top_hog/romX  File: D:/ProgramasDoctorado/propuestadesdecero/propuestadesdecero.srcs/sim_1/new/test_Fifo.vhd
Note: End of pixel file
Time: 120180 ns  Iteration: 1  Process: /testbench_top_hog/romX  File: D:/ProgramasDoctorado/propuestadesdecero/propuestadesdecero.srcs/sim_1/new/test_Fifo.vhd
Note: End of pixel file
Time: 120190 ns  Iteration: 1  Process: /testbench_top_hog/romX  File: D:/ProgramasDoctorado/propuestadesdecero/propuestadesdecero.srcs/sim_1/new/test_Fifo.vhd
Note: End of pixel file
Time: 120200 ns  Iteration: 1  Process: /testbench_top_hog/romX  File: D:/ProgramasDoctorado/propuestadesdecero/propuestadesdecero.srcs/sim_1/new/test_Fifo.vhd
Note: End of pixel file
Time: 120210 ns  Iteration: 1  Process: /testbench_top_hog/romX  File: D:/ProgramasDoctorado/propuestadesdecero/propuestadesdecero.srcs/sim_1/new/test_Fifo.vhd
Note: End of pixel file
Time: 120220 ns  Iteration: 1  Process: /testbench_top_hog/romX  File: D:/ProgramasDoctorado/propuestadesdecero/propuestadesdecero.srcs/sim_1/new/test_Fifo.vhd
Note: End of pixel file
Time: 120230 ns  Iteration: 1  Process: /testbench_top_hog/romX  File: D:/ProgramasDoctorado/propuestadesdecero/propuestadesdecero.srcs/sim_1/new/test_Fifo.vhd
Note: End of pixel file
Time: 120240 ns  Iteration: 1  Process: /testbench_top_hog/romX  File: D:/ProgramasDoctorado/propuestadesdecero/propuestadesdecero.srcs/sim_1/new/test_Fifo.vhd
Note: End of pixel file
Time: 120250 ns  Iteration: 1  Process: /testbench_top_hog/romX  File: D:/ProgramasDoctorado/propuestadesdecero/propuestadesdecero.srcs/sim_1/new/test_Fifo.vhd
Note: End of pixel file
Time: 120260 ns  Iteration: 1  Process: /testbench_top_hog/romX  File: D:/ProgramasDoctorado/propuestadesdecero/propuestadesdecero.srcs/sim_1/new/test_Fifo.vhd
Note: End of pixel file
Time: 120270 ns  Iteration: 1  Process: /testbench_top_hog/romX  File: D:/ProgramasDoctorado/propuestadesdecero/propuestadesdecero.srcs/sim_1/new/test_Fifo.vhd
Note: End of pixel file
Time: 120280 ns  Iteration: 1  Process: /testbench_top_hog/romX  File: D:/ProgramasDoctorado/propuestadesdecero/propuestadesdecero.srcs/sim_1/new/test_Fifo.vhd
Note: End of pixel file
Time: 120290 ns  Iteration: 1  Process: /testbench_top_hog/romX  File: D:/ProgramasDoctorado/propuestadesdecero/propuestadesdecero.srcs/sim_1/new/test_Fifo.vhd
Note: End of pixel file
Time: 120300 ns  Iteration: 1  Process: /testbench_top_hog/romX  File: D:/ProgramasDoctorado/propuestadesdecero/propuestadesdecero.srcs/sim_1/new/test_Fifo.vhd
Note: End of pixel file
Time: 120310 ns  Iteration: 1  Process: /testbench_top_hog/romX  File: D:/ProgramasDoctorado/propuestadesdecero/propuestadesdecero.srcs/sim_1/new/test_Fifo.vhd
Note: End of pixel file
Time: 120320 ns  Iteration: 1  Process: /testbench_top_hog/romX  File: D:/ProgramasDoctorado/propuestadesdecero/propuestadesdecero.srcs/sim_1/new/test_Fifo.vhd
Note: End of pixel file
Time: 120330 ns  Iteration: 1  Process: /testbench_top_hog/romX  File: D:/ProgramasDoctorado/propuestadesdecero/propuestadesdecero.srcs/sim_1/new/test_Fifo.vhd
Note: End of pixel file
Time: 120340 ns  Iteration: 1  Process: /testbench_top_hog/romX  File: D:/ProgramasDoctorado/propuestadesdecero/propuestadesdecero.srcs/sim_1/new/test_Fifo.vhd
Note: End of pixel file
Time: 120350 ns  Iteration: 1  Process: /testbench_top_hog/romX  File: D:/ProgramasDoctorado/propuestadesdecero/propuestadesdecero.srcs/sim_1/new/test_Fifo.vhd
Note: End of pixel file
Time: 120360 ns  Iteration: 1  Process: /testbench_top_hog/romX  File: D:/ProgramasDoctorado/propuestadesdecero/propuestadesdecero.srcs/sim_1/new/test_Fifo.vhd
Note: End of pixel file
Time: 120370 ns  Iteration: 1  Process: /testbench_top_hog/romX  File: D:/ProgramasDoctorado/propuestadesdecero/propuestadesdecero.srcs/sim_1/new/test_Fifo.vhd
Note: End of pixel file
Time: 120380 ns  Iteration: 1  Process: /testbench_top_hog/romX  File: D:/ProgramasDoctorado/propuestadesdecero/propuestadesdecero.srcs/sim_1/new/test_Fifo.vhd
Note: End of pixel file
Time: 120390 ns  Iteration: 1  Process: /testbench_top_hog/romX  File: D:/ProgramasDoctorado/propuestadesdecero/propuestadesdecero.srcs/sim_1/new/test_Fifo.vhd
Note: End of pixel file
Time: 120400 ns  Iteration: 1  Process: /testbench_top_hog/romX  File: D:/ProgramasDoctorado/propuestadesdecero/propuestadesdecero.srcs/sim_1/new/test_Fifo.vhd
Note: End of pixel file
Time: 120410 ns  Iteration: 1  Process: /testbench_top_hog/romX  File: D:/ProgramasDoctorado/propuestadesdecero/propuestadesdecero.srcs/sim_1/new/test_Fifo.vhd
Note: End of pixel file
Time: 120420 ns  Iteration: 1  Process: /testbench_top_hog/romX  File: D:/ProgramasDoctorado/propuestadesdecero/propuestadesdecero.srcs/sim_1/new/test_Fifo.vhd
Note: End of pixel file
Time: 120430 ns  Iteration: 1  Process: /testbench_top_hog/romX  File: D:/ProgramasDoctorado/propuestadesdecero/propuestadesdecero.srcs/sim_1/new/test_Fifo.vhd
Note: End of pixel file
Time: 120440 ns  Iteration: 1  Process: /testbench_top_hog/romX  File: D:/ProgramasDoctorado/propuestadesdecero/propuestadesdecero.srcs/sim_1/new/test_Fifo.vhd
Note: End of pixel file
Time: 120450 ns  Iteration: 1  Process: /testbench_top_hog/romX  File: D:/ProgramasDoctorado/propuestadesdecero/propuestadesdecero.srcs/sim_1/new/test_Fifo.vhd
Note: End of pixel file
Time: 120460 ns  Iteration: 1  Process: /testbench_top_hog/romX  File: D:/ProgramasDoctorado/propuestadesdecero/propuestadesdecero.srcs/sim_1/new/test_Fifo.vhd
Note: End of pixel file
Time: 120470 ns  Iteration: 1  Process: /testbench_top_hog/romX  File: D:/ProgramasDoctorado/propuestadesdecero/propuestadesdecero.srcs/sim_1/new/test_Fifo.vhd
Note: End of pixel file
Time: 120480 ns  Iteration: 1  Process: /testbench_top_hog/romX  File: D:/ProgramasDoctorado/propuestadesdecero/propuestadesdecero.srcs/sim_1/new/test_Fifo.vhd
Note: End of pixel file
Time: 120490 ns  Iteration: 1  Process: /testbench_top_hog/romX  File: D:/ProgramasDoctorado/propuestadesdecero/propuestadesdecero.srcs/sim_1/new/test_Fifo.vhd
Note: End of pixel file
Time: 120500 ns  Iteration: 1  Process: /testbench_top_hog/romX  File: D:/ProgramasDoctorado/propuestadesdecero/propuestadesdecero.srcs/sim_1/new/test_Fifo.vhd
Note: End of pixel file
Time: 120510 ns  Iteration: 1  Process: /testbench_top_hog/romX  File: D:/ProgramasDoctorado/propuestadesdecero/propuestadesdecero.srcs/sim_1/new/test_Fifo.vhd
Note: End of pixel file
Time: 120520 ns  Iteration: 1  Process: /testbench_top_hog/romX  File: D:/ProgramasDoctorado/propuestadesdecero/propuestadesdecero.srcs/sim_1/new/test_Fifo.vhd
Note: End of pixel file
Time: 120530 ns  Iteration: 1  Process: /testbench_top_hog/romX  File: D:/ProgramasDoctorado/propuestadesdecero/propuestadesdecero.srcs/sim_1/new/test_Fifo.vhd
Note: End of pixel file
Time: 120540 ns  Iteration: 1  Process: /testbench_top_hog/romX  File: D:/ProgramasDoctorado/propuestadesdecero/propuestadesdecero.srcs/sim_1/new/test_Fifo.vhd
Note: End of pixel file
Time: 120550 ns  Iteration: 1  Process: /testbench_top_hog/romX  File: D:/ProgramasDoctorado/propuestadesdecero/propuestadesdecero.srcs/sim_1/new/test_Fifo.vhd
Note: End of pixel file
Time: 120560 ns  Iteration: 1  Process: /testbench_top_hog/romX  File: D:/ProgramasDoctorado/propuestadesdecero/propuestadesdecero.srcs/sim_1/new/test_Fifo.vhd
Note: End of pixel file
Time: 120570 ns  Iteration: 1  Process: /testbench_top_hog/romX  File: D:/ProgramasDoctorado/propuestadesdecero/propuestadesdecero.srcs/sim_1/new/test_Fifo.vhd
Note: End of pixel file
Time: 120580 ns  Iteration: 1  Process: /testbench_top_hog/romX  File: D:/ProgramasDoctorado/propuestadesdecero/propuestadesdecero.srcs/sim_1/new/test_Fifo.vhd
Note: End of pixel file
Time: 120590 ns  Iteration: 1  Process: /testbench_top_hog/romX  File: D:/ProgramasDoctorado/propuestadesdecero/propuestadesdecero.srcs/sim_1/new/test_Fifo.vhd
Note: End of pixel file
Time: 120600 ns  Iteration: 1  Process: /testbench_top_hog/romX  File: D:/ProgramasDoctorado/propuestadesdecero/propuestadesdecero.srcs/sim_1/new/test_Fifo.vhd
Note: End of pixel file
Time: 120610 ns  Iteration: 1  Process: /testbench_top_hog/romX  File: D:/ProgramasDoctorado/propuestadesdecero/propuestadesdecero.srcs/sim_1/new/test_Fifo.vhd
Note: End of pixel file
Time: 120620 ns  Iteration: 1  Process: /testbench_top_hog/romX  File: D:/ProgramasDoctorado/propuestadesdecero/propuestadesdecero.srcs/sim_1/new/test_Fifo.vhd
Note: End of pixel file
Time: 120630 ns  Iteration: 1  Process: /testbench_top_hog/romX  File: D:/ProgramasDoctorado/propuestadesdecero/propuestadesdecero.srcs/sim_1/new/test_Fifo.vhd
Note: End of pixel file
Time: 120640 ns  Iteration: 1  Process: /testbench_top_hog/romX  File: D:/ProgramasDoctorado/propuestadesdecero/propuestadesdecero.srcs/sim_1/new/test_Fifo.vhd
Note: End of pixel file
Time: 120650 ns  Iteration: 1  Process: /testbench_top_hog/romX  File: D:/ProgramasDoctorado/propuestadesdecero/propuestadesdecero.srcs/sim_1/new/test_Fifo.vhd
Note: End of pixel file
Time: 120660 ns  Iteration: 1  Process: /testbench_top_hog/romX  File: D:/ProgramasDoctorado/propuestadesdecero/propuestadesdecero.srcs/sim_1/new/test_Fifo.vhd
Note: End of pixel file
Time: 120670 ns  Iteration: 1  Process: /testbench_top_hog/romX  File: D:/ProgramasDoctorado/propuestadesdecero/propuestadesdecero.srcs/sim_1/new/test_Fifo.vhd
Note: End of pixel file
Time: 120680 ns  Iteration: 1  Process: /testbench_top_hog/romX  File: D:/ProgramasDoctorado/propuestadesdecero/propuestadesdecero.srcs/sim_1/new/test_Fifo.vhd
Note: End of pixel file
Time: 120690 ns  Iteration: 1  Process: /testbench_top_hog/romX  File: D:/ProgramasDoctorado/propuestadesdecero/propuestadesdecero.srcs/sim_1/new/test_Fifo.vhd
Note: End of pixel file
Time: 120700 ns  Iteration: 1  Process: /testbench_top_hog/romX  File: D:/ProgramasDoctorado/propuestadesdecero/propuestadesdecero.srcs/sim_1/new/test_Fifo.vhd
Note: End of pixel file
Time: 120710 ns  Iteration: 1  Process: /testbench_top_hog/romX  File: D:/ProgramasDoctorado/propuestadesdecero/propuestadesdecero.srcs/sim_1/new/test_Fifo.vhd
Note: End of pixel file
Time: 120720 ns  Iteration: 1  Process: /testbench_top_hog/romX  File: D:/ProgramasDoctorado/propuestadesdecero/propuestadesdecero.srcs/sim_1/new/test_Fifo.vhd
Note: End of pixel file
Time: 120730 ns  Iteration: 1  Process: /testbench_top_hog/romX  File: D:/ProgramasDoctorado/propuestadesdecero/propuestadesdecero.srcs/sim_1/new/test_Fifo.vhd
Note: End of pixel file
Time: 120740 ns  Iteration: 1  Process: /testbench_top_hog/romX  File: D:/ProgramasDoctorado/propuestadesdecero/propuestadesdecero.srcs/sim_1/new/test_Fifo.vhd
Note: End of pixel file
Time: 120750 ns  Iteration: 1  Process: /testbench_top_hog/romX  File: D:/ProgramasDoctorado/propuestadesdecero/propuestadesdecero.srcs/sim_1/new/test_Fifo.vhd
Note: End of pixel file
Time: 120760 ns  Iteration: 1  Process: /testbench_top_hog/romX  File: D:/ProgramasDoctorado/propuestadesdecero/propuestadesdecero.srcs/sim_1/new/test_Fifo.vhd
Note: End of pixel file
Time: 120770 ns  Iteration: 1  Process: /testbench_top_hog/romX  File: D:/ProgramasDoctorado/propuestadesdecero/propuestadesdecero.srcs/sim_1/new/test_Fifo.vhd
Note: End of pixel file
Time: 120780 ns  Iteration: 1  Process: /testbench_top_hog/romX  File: D:/ProgramasDoctorado/propuestadesdecero/propuestadesdecero.srcs/sim_1/new/test_Fifo.vhd
Note: End of pixel file
Time: 120790 ns  Iteration: 1  Process: /testbench_top_hog/romX  File: D:/ProgramasDoctorado/propuestadesdecero/propuestadesdecero.srcs/sim_1/new/test_Fifo.vhd
Note: End of pixel file
Time: 120800 ns  Iteration: 1  Process: /testbench_top_hog/romX  File: D:/Progr