Copyright 1986-2018 Xilinx, Inc. All Rights Reserved.
-----------------------------------------------------------------------------------------------------------------------------------------------------------------------
| Tool Version : Vivado v.2018.3 (win64) Build 2405991 Thu Dec  6 23:38:27 MST 2018
| Date         : Fri Feb  7 16:43:56 2025
| Host         : W1125 running 64-bit major release  (build 9200)
| Command      : report_methodology -file top_hog_axi_methodology_drc_routed.rpt -pb top_hog_axi_methodology_drc_routed.pb -rpx top_hog_axi_methodology_drc_routed.rpx
| Design       : top_hog_axi
| Device       : xc7z020clg400-1
| Speed File   : -1
| Design State : Fully Routed
-----------------------------------------------------------------------------------------------------------------------------------------------------------------------

Report Methodology

Table of Contents
-----------------
1. REPORT SUMMARY
2. REPORT DETAILS

1. REPORT SUMMARY
-----------------
            Netlist: netlist
          Floorplan: design_1
      Design limits: <entire design considered>
             Max violations: <unlimited>
             Violations found: 319
+-----------+----------+-----------------------------+------------+
| Rule      | Severity | Description                 | Violations |
+-----------+----------+-----------------------------+------------+
| TIMING-17 | Warning  | Non-clocked sequential cell | 319        |
+-----------+----------+-----------------------------+------------+

2. REPORT DETAILS
-----------------
TIMING-17#1 Warning
Non-clocked sequential cell  
The clock pin U_sobel/A1/FIFO_counter_reg[0]/C is not reached by a timing clock
Related violations: <none>

TIMING-17#2 Warning
Non-clocked sequential cell  
The clock pin U_sobel/A1/FIFO_counter_reg[1]/C is not reached by a timing clock
Related violations: <none>

TIMING-17#3 Warning
Non-clocked sequential cell  
The clock pin U_sobel/A1/FIFO_counter_reg[2]/C is not reached by a timing clock
Related violations: <none>

TIMING-17#4 Warning
Non-clocked sequential cell  
The clock pin U_sobel/A1/FIFO_counter_reg[3]/C is not reached by a timing clock
Related violations: <none>

TIMING-17#5 Warning
Non-clocked sequential cell  
The clock pin U_sobel/A1/FIFO_counter_reg[4]/C is not reached by a timing clock
Related violations: <none>

TIMING-17#6 Warning
Non-clocked sequential cell  
The clock pin U_sobel/A1/FIFO_counter_reg[5]/C is not reached by a timing clock
Related violations: <none>

TIMING-17#7 Warning
Non-clocked sequential cell  
The clock pin U_sobel/A1/FIFO_counter_reg[6]/C is not reached by a timing clock
Related violations: <none>

TIMING-17#8 Warning
Non-clocked sequential cell  
The clock pin U_sobel/A1/FIFO_ready_reg/C is not reached by a timing clock
Related violations: <none>

TIMING-17#9 Warning
Non-clocked sequential cell  
The clock pin U_sobel/A1/border_reg/C is not reached by a timing clock
Related violations: <none>

TIMING-17#10 Warning
Non-clocked sequential cell  
The clock pin U_sobel/A1/row_counter_reg[0]/C is not reached by a timing clock
Related violations: <none>

TIMING-17#11 Warning
Non-clocked sequential cell  
The clock pin U_sobel/A1/row_counter_reg[1]/C is not reached by a timing clock
Related violations: <none>

TIMING-17#12 Warning
Non-clocked sequential cell  
The clock pin U_sobel/A1/row_counter_reg[2]/C is not reached by a timing clock
Related violations: <none>

TIMING-17#13 Warning
Non-clocked sequential cell  
The clock pin U_sobel/A1/row_counter_reg[3]/C is not reached by a timing clock
Related violations: <none>

TIMING-17#14 Warning
Non-clocked sequential cell  
The clock pin U_sobel/A1/row_counter_reg[4]/C is not reached by a timing clock
Related violations: <none>

TIMING-17#15 Warning
Non-clocked sequential cell  
The clock pin U_sobel/A1/row_counter_reg[5]/C is not reached by a timing clock
Related violations: <none>

TIMING-17#16 Warning
Non-clocked sequential cell  
The clock pin U_sobel/A1/s_FIFO_reg_reg[10]/C is not reached by a timing clock
Related violations: <none>

TIMING-17#17 Warning
Non-clocked sequential cell  
The clock pin U_sobel/A1/s_FIFO_reg_reg[11]/C is not reached by a timing clock
Related violations: <none>

TIMING-17#18 Warning
Non-clocked sequential cell  
The clock pin U_sobel/A1/s_FIFO_reg_reg[12]/C is not reached by a timing clock
Related violations: <none>

TIMING-17#19 Warning
Non-clocked sequential cell  
The clock pin U_sobel/A1/s_FIFO_reg_reg[13]/C is not reached by a timing clock
Related violations: <none>

TIMING-17#20 Warning
Non-clocked sequential cell  
The clock pin U_sobel/A1/s_FIFO_reg_reg[14]/C is not reached by a timing clock
Related violations: <none>

TIMING-17#21 Warning
Non-clocked sequential cell  
The clock pin U_sobel/A1/s_FIFO_reg_reg[15]/C is not reached by a timing clock
Related violations: <none>

TIMING-17#22 Warning
Non-clocked sequential cell  
The clock pin U_sobel/A1/s_FIFO_reg_reg[16]_U_sobel_A1_s_FIFO_reg_reg_c_30/C is not reached by a timing clock
Related violations: <none>

TIMING-17#23 Warning
Non-clocked sequential cell  
The clock pin U_sobel/A1/s_FIFO_reg_reg[17]_U_sobel_A1_s_FIFO_reg_reg_c_30/C is not reached by a timing clock
Related violations: <none>

TIMING-17#24 Warning
Non-clocked sequential cell  
The clock pin U_sobel/A1/s_FIFO_reg_reg[18]_U_sobel_A1_s_FIFO_reg_reg_c_30/C is not reached by a timing clock
Related violations: <none>

TIMING-17#25 Warning
Non-clocked sequential cell  
The clock pin U_sobel/A1/s_FIFO_reg_reg[19]_U_sobel_A1_s_FIFO_reg_reg_c_30/C is not reached by a timing clock
Related violations: <none>

TIMING-17#26 Warning
Non-clocked sequential cell  
The clock pin U_sobel/A1/s_FIFO_reg_reg[20]_U_sobel_A1_s_FIFO_reg_reg_c_30/C is not reached by a timing clock
Related violations: <none>

TIMING-17#27 Warning
Non-clocked sequential cell  
The clock pin U_sobel/A1/s_FIFO_reg_reg[21]_U_sobel_A1_s_FIFO_reg_reg_c_30/C is not reached by a timing clock
Related violations: <none>

TIMING-17#28 Warning
Non-clocked sequential cell  
The clock pin U_sobel/A1/s_FIFO_reg_reg[22]_U_sobel_A1_s_FIFO_reg_reg_c_30/C is not reached by a timing clock
Related violations: <none>

TIMING-17#29 Warning
Non-clocked sequential cell  
The clock pin U_sobel/A1/s_FIFO_reg_reg[23]_U_sobel_A1_s_FIFO_reg_reg_c_30/C is not reached by a timing clock
Related violations: <none>

TIMING-17#30 Warning
Non-clocked sequential cell  
The clock pin U_sobel/A1/s_FIFO_reg_reg[24]_srl31_U_sobel_A1_s_FIFO_reg_reg_c_29/CLK is not reached by a timing clock
Related violations: <none>

TIMING-17#31 Warning
Non-clocked sequential cell  
The clock pin U_sobel/A1/s_FIFO_reg_reg[25]_srl31_U_sobel_A1_s_FIFO_reg_reg_c_29/CLK is not reached by a timing clock
Related violations: <none>

TIMING-17#32 Warning
Non-clocked sequential cell  
The clock pin U_sobel/A1/s_FIFO_reg_reg[26]_srl31_U_sobel_A1_s_FIFO_reg_reg_c_29/CLK is not reached by a timing clock
Related violations: <none>

TIMING-17#33 Warning
Non-clocked sequential cell  
The clock pin U_sobel/A1/s_FIFO_reg_reg[272]/C is not reached by a timing clock
Related violations: <none>

TIMING-17#34 Warning
Non-clocked sequential cell  
The clock pin U_sobel/A1/s_FIFO_reg_reg[273]/C is not reached by a timing clock
Related violations: <none>

TIMING-17#35 Warning
Non-clocked sequential cell  
The clock pin U_sobel/A1/s_FIFO_reg_reg[274]/C is not reached by a timing clock
Related violations: <none>

TIMING-17#36 Warning
Non-clocked sequential cell  
The clock pin U_sobel/A1/s_FIFO_reg_reg[275]/C is not reached by a timing clock
Related violations: <none>

TIMING-17#37 Warning
Non-clocked sequential cell  
The clock pin U_sobel/A1/s_FIFO_reg_reg[276]/C is not reached by a timing clock
Related violations: <none>

TIMING-17#38 Warning
Non-clocked sequential cell  
The clock pin U_sobel/A1/s_FIFO_reg_reg[277]/C is not reached by a timing clock
Related violations: <none>

TIMING-17#39 Warning
Non-clocked sequential cell  
The clock pin U_sobel/A1/s_FIFO_reg_reg[278]/C is not reached by a timing clock
Related violations: <none>

TIMING-17#40 Warning
Non-clocked sequential cell  
The clock pin U_sobel/A1/s_FIFO_reg_reg[279]/C is not reached by a timing clock
Related violations: <none>

TIMING-17#41 Warning
Non-clocked sequential cell  
The clock pin U_sobel/A1/s_FIFO_reg_reg[27]_srl31_U_sobel_A1_s_FIFO_reg_reg_c_29/CLK is not reached by a timing clock
Related violations: <none>

TIMING-17#42 Warning
Non-clocked sequential cell  
The clock pin U_sobel/A1/s_FIFO_reg_reg[280]/C is not reached by a timing clock
Related violations: <none>

TIMING-17#43 Warning
Non-clocked sequential cell  
The clock pin U_sobel/A1/s_FIFO_reg_reg[281]/C is not reached by a timing clock
Related violations: <none>

TIMING-17#44 Warning
Non-clocked sequential cell  
The clock pin U_sobel/A1/s_FIFO_reg_reg[282]/C is not reached by a timing clock
Related violations: <none>

TIMING-17#45 Warning
Non-clocked sequential cell  
The clock pin U_sobel/A1/s_FIFO_reg_reg[283]/C is not reached by a timing clock
Related violations: <none>

TIMING-17#46 Warning
Non-clocked sequential cell  
The clock pin U_sobel/A1/s_FIFO_reg_reg[284]/C is not reached by a timing clock
Related violations: <none>

TIMING-17#47 Warning
Non-clocked sequential cell  
The clock pin U_sobel/A1/s_FIFO_reg_reg[285]/C is not reached by a timing clock
Related violations: <none>

TIMING-17#48 Warning
Non-clocked sequential cell  
The clock pin U_sobel/A1/s_FIFO_reg_reg[286]/C is not reached by a timing clock
Related violations: <none>

TIMING-17#49 Warning
Non-clocked sequential cell  
The clock pin U_sobel/A1/s_FIFO_reg_reg[287]/C is not reached by a timing clock
Related violations: <none>

TIMING-17#50 Warning
Non-clocked sequential cell  
The clock pin U_sobel/A1/s_FIFO_reg_reg[288]/C is not reached by a timing clock
Related violations: <none>

TIMING-17#51 Warning
Non-clocked sequential cell  
The clock pin U_sobel/A1/s_FIFO_reg_reg[289]/C is not reached by a timing clock
Related violations: <none>

TIMING-17#52 Warning
Non-clocked sequential cell  
The clock pin U_sobel/A1/s_FIFO_reg_reg[28]_srl31_U_sobel_A1_s_FIFO_reg_reg_c_29/CLK is not reached by a timing clock
Related violations: <none>

TIMING-17#53 Warning
Non-clocked sequential cell  
The clock pin U_sobel/A1/s_FIFO_reg_reg[290]/C is not reached by a timing clock
Related violations: <none>

TIMING-17#54 Warning
Non-clocked sequential cell  
The clock pin U_sobel/A1/s_FIFO_reg_reg[291]/C is not reached by a timing clock
Related violations: <none>

TIMING-17#55 Warning
Non-clocked sequential cell  
The clock pin U_sobel/A1/s_FIFO_reg_reg[292]/C is not reached by a timing clock
Related violations: <none>

TIMING-17#56 Warning
Non-clocked sequential cell  
The clock pin U_sobel/A1/s_FIFO_reg_reg[293]/C is not reached by a timing clock
Related violations: <none>

TIMING-17#57 Warning
Non-clocked sequential cell  
The clock pin U_sobel/A1/s_FIFO_reg_reg[294]/C is not reached by a timing clock
Related violations: <none>

TIMING-17#58 Warning
Non-clocked sequential cell  
The clock pin U_sobel/A1/s_FIFO_reg_reg[295]/C is not reached by a timing clock
Related violations: <none>

TIMING-17#59 Warning
Non-clocked sequential cell  
The clock pin U_sobel/A1/s_FIFO_reg_reg[296]_U_sobel_A1_s_FIFO_reg_reg_c_30/C is not reached by a timing clock
Related violations: <none>

TIMING-17#60 Warning
Non-clocked sequential cell  
The clock pin U_sobel/A1/s_FIFO_reg_reg[297]_U_sobel_A1_s_FIFO_reg_reg_c_30/C is not reached by a timing clock
Related violations: <none>

TIMING-17#61 Warning
Non-clocked sequential cell  
The clock pin U_sobel/A1/s_FIFO_reg_reg[298]_U_sobel_A1_s_FIFO_reg_reg_c_30/C is not reached by a timing clock
Related violations: <none>

TIMING-17#62 Warning
Non-clocked sequential cell  
The clock pin U_sobel/A1/s_FIFO_reg_reg[299]_U_sobel_A1_s_FIFO_reg_reg_c_30/C is not reached by a timing clock
Related violations: <none>

TIMING-17#63 Warning
Non-clocked sequential cell  
The clock pin U_sobel/A1/s_FIFO_reg_reg[29]_srl31_U_sobel_A1_s_FIFO_reg_reg_c_29/CLK is not reached by a timing clock
Related violations: <none>

TIMING-17#64 Warning
Non-clocked sequential cell  
The clock pin U_sobel/A1/s_FIFO_reg_reg[300]_U_sobel_A1_s_FIFO_reg_reg_c_30/C is not reached by a timing clock
Related violations: <none>

TIMING-17#65 Warning
Non-clocked sequential cell  
The clock pin U_sobel/A1/s_FIFO_reg_reg[301]_U_sobel_A1_s_FIFO_reg_reg_c_30/C is not reached by a timing clock
Related violations: <none>

TIMING-17#66 Warning
Non-clocked sequential cell  
The clock pin U_sobel/A1/s_FIFO_reg_reg[302]_U_sobel_A1_s_FIFO_reg_reg_c_30/C is not reached by a timing clock
Related violations: <none>

TIMING-17#67 Warning
Non-clocked sequential cell  
The clock pin U_sobel/A1/s_FIFO_reg_reg[303]_U_sobel_A1_s_FIFO_reg_reg_c_30/C is not reached by a timing clock
Related violations: <none>

TIMING-17#68 Warning
Non-clocked sequential cell  
The clock pin U_sobel/A1/s_FIFO_reg_reg[304]_srl31_U_sobel_A1_s_FIFO_reg_reg_c_29/CLK is not reached by a timing clock
Related violations: <none>

TIMING-17#69 Warning
Non-clocked sequential cell  
The clock pin U_sobel/A1/s_FIFO_reg_reg[305]_srl31_U_sobel_A1_s_FIFO_reg_reg_c_29/CLK is not reached by a timing clock
Related violations: <none>

TIMING-17#70 Warning
Non-clocked sequential cell  
The clock pin U_sobel/A1/s_FIFO_reg_reg[306]_srl31_U_sobel_A1_s_FIFO_reg_reg_c_29/CLK is not reached by a timing clock
Related violations: <none>

TIMING-17#71 Warning
Non-clocked sequential cell  
The clock pin U_sobel/A1/s_FIFO_reg_reg[307]_srl31_U_sobel_A1_s_FIFO_reg_reg_c_29/CLK is not reached by a timing clock
Related violations: <none>

TIMING-17#72 Warning
Non-clocked sequential cell  
The clock pin U_sobel/A1/s_FIFO_reg_reg[308]_srl31_U_sobel_A1_s_FIFO_reg_reg_c_29/CLK is not reached by a timing clock
Related violations: <none>

TIMING-17#73 Warning
Non-clocked sequential cell  
The clock pin U_sobel/A1/s_FIFO_reg_reg[309]_srl31_U_sobel_A1_s_FIFO_reg_reg_c_29/CLK is not reached by a timing clock
Related violations: <none>

TIMING-17#74 Warning
Non-clocked sequential cell  
The clock pin U_sobel/A1/s_FIFO_reg_reg[30]_srl31_U_sobel_A1_s_FIFO_reg_reg_c_29/CLK is not reached by a timing clock
Related violations: <none>

TIMING-17#75 Warning
Non-clocked sequential cell  
The clock pin U_sobel/A1/s_FIFO_reg_reg[310]_srl31_U_sobel_A1_s_FIFO_reg_reg_c_29/CLK is not reached by a timing clock
Related violations: <none>

TIMING-17#76 Warning
Non-clocked sequential cell  
The clock pin U_sobel/A1/s_FIFO_reg_reg[311]_srl31_U_sobel_A1_s_FIFO_reg_reg_c_29/CLK is not reached by a timing clock
Related violations: <none>

TIMING-17#77 Warning
Non-clocked sequential cell  
The clock pin U_sobel/A1/s_FIFO_reg_reg[31]_srl31_U_sobel_A1_s_FIFO_reg_reg_c_29/CLK is not reached by a timing clock
Related violations: <none>

TIMING-17#78 Warning
Non-clocked sequential cell  
The clock pin U_sobel/A1/s_FIFO_reg_reg[552]/C is not reached by a timing clock
Related violations: <none>

TIMING-17#79 Warning
Non-clocked sequential cell  
The clock pin U_sobel/A1/s_FIFO_reg_reg[553]/C is not reached by a timing clock
Related violations: <none>

TIMING-17#80 Warning
Non-clocked sequential cell  
The clock pin U_sobel/A1/s_FIFO_reg_reg[554]/C is not reached by a timing clock
Related violations: <none>

TIMING-17#81 Warning
Non-clocked sequential cell  
The clock pin U_sobel/A1/s_FIFO_reg_reg[555]/C is not reached by a timing clock
Related violations: <none>

TIMING-17#82 Warning
Non-clocked sequential cell  
The clock pin U_sobel/A1/s_FIFO_reg_reg[556]/C is not reached by a timing clock
Related violations: <none>

TIMING-17#83 Warning
Non-clocked sequential cell  
The clock pin U_sobel/A1/s_FIFO_reg_reg[557]/C is not reached by a timing clock
Related violations: <none>

TIMING-17#84 Warning
Non-clocked sequential cell  
The clock pin U_sobel/A1/s_FIFO_reg_reg[558]/C is not reached by a timing clock
Related violations: <none>

TIMING-17#85 Warning
Non-clocked sequential cell  
The clock pin U_sobel/A1/s_FIFO_reg_reg[559]/C is not reached by a timing clock
Related violations: <none>

TIMING-17#86 Warning
Non-clocked sequential cell  
The clock pin U_sobel/A1/s_FIFO_reg_reg[560]/C is not reached by a timing clock
Related violations: <none>

TIMING-17#87 Warning
Non-clocked sequential cell  
The clock pin U_sobel/A1/s_FIFO_reg_reg[561]/C is not reached by a timing clock
Related violations: <none>

TIMING-17#88 Warning
Non-clocked sequential cell  
The clock pin U_sobel/A1/s_FIFO_reg_reg[562]/C is not reached by a timing clock
Related violations: <none>

TIMING-17#89 Warning
Non-clocked sequential cell  
The clock pin U_sobel/A1/s_FIFO_reg_reg[563]/C is not reached by a timing clock
Related violations: <none>

TIMING-17#90 Warning
Non-clocked sequential cell  
The clock pin U_sobel/A1/s_FIFO_reg_reg[564]/C is not reached by a timing clock
Related violations: <none>

TIMING-17#91 Warning
Non-clocked sequential cell  
The clock pin U_sobel/A1/s_FIFO_reg_reg[565]/C is not reached by a timing clock
Related violations: <none>

TIMING-17#92 Warning
Non-clocked sequential cell  
The clock pin U_sobel/A1/s_FIFO_reg_reg[566]/C is not reached by a timing clock
Related violations: <none>

TIMING-17#93 Warning
Non-clocked sequential cell  
The clock pin U_sobel/A1/s_FIFO_reg_reg[567]/C is not reached by a timing clock
Related violations: <none>

TIMING-17#94 Warning
Non-clocked sequential cell  
The clock pin U_sobel/A1/s_FIFO_reg_reg[8]/C is not reached by a timing clock
Related violations: <none>

TIMING-17#95 Warning
Non-clocked sequential cell  
The clock pin U_sobel/A1/s_FIFO_reg_reg[9]/C is not reached by a timing clock
Related violations: <none>

TIMING-17#96 Warning
Non-clocked sequential cell  
The clock pin U_sobel/A1/s_FIFO_reg_reg_c/C is not reached by a timing clock
Related violations: <none>

TIMING-17#97 Warning
Non-clocked sequential cell  
The clock pin U_sobel/A1/s_FIFO_reg_reg_c_0/C is not reached by a timing clock
Related violations: <none>

TIMING-17#98 Warning
Non-clocked sequential cell  
The clock pin U_sobel/A1/s_FIFO_reg_reg_c_1/C is not reached by a timing clock
Related violations: <none>

TIMING-17#99 Warning
Non-clocked sequential cell  
The clock pin U_sobel/A1/s_FIFO_reg_reg_c_10/C is not reached by a timing clock
Related violations: <none>

TIMING-17#100 Warning
Non-clocked sequential cell  
The clock pin U_sobel/A1/s_FIFO_reg_reg_c_11/C is not reached by a timing clock
Related violations: <none>

TIMING-17#101 Warning
Non-clocked sequential cell  
The clock pin U_sobel/A1/s_FIFO_reg_reg_c_12/C is not reached by a timing clock
Related violations: <none>

TIMING-17#102 Warning
Non-clocked sequential cell  
The clock pin U_sobel/A1/s_FIFO_reg_reg_c_13/C is not reached by a timing clock
Related violations: <none>

TIMING-17#103 Warning
Non-clocked sequential cell  
The clock pin U_sobel/A1/s_FIFO_reg_reg_c_14/C is not reached by a timing clock
Related violations: <none>

TIMING-17#104 Warning
Non-clocked sequential cell  
The clock pin U_sobel/A1/s_FIFO_reg_reg_c_15/C is not reached by a timing clock
Related violations: <none>

TIMING-17#105 Warning
Non-clocked sequential cell  
The clock pin U_sobel/A1/s_FIFO_reg_reg_c_16/C is not reached by a timing clock
Related violations: <none>

TIMING-17#106 Warning
Non-clocked sequential cell  
The clock pin U_sobel/A1/s_FIFO_reg_reg_c_17/C is not reached by a timing clock
Related violations: <none>

TIMING-17#107 Warning
Non-clocked sequential cell  
The clock pin U_sobel/A1/s_FIFO_reg_reg_c_18/C is not reached by a timing clock
Related violations: <none>

TIMING-17#108 Warning
Non-clocked sequential cell  
The clock pin U_sobel/A1/s_FIFO_reg_reg_c_19/C is not reached by a timing clock
Related violations: <none>

TIMING-17#109 Warning
Non-clocked sequential cell  
The clock pin U_sobel/A1/s_FIFO_reg_reg_c_2/C is not reached by a timing clock
Related violations: <none>

TIMING-17#110 Warning
Non-clocked sequential cell  
The clock pin U_sobel/A1/s_FIFO_reg_reg_c_20/C is not reached by a timing clock
Related violations: <none>

TIMING-17#111 Warning
Non-clocked sequential cell  
The clock pin U_sobel/A1/s_FIFO_reg_reg_c_21/C is not reached by a timing clock
Related violations: <none>

TIMING-17#112 Warning
Non-clocked sequential cell  
The clock pin U_sobel/A1/s_FIFO_reg_reg_c_22/C is not reached by a timing clock
Related violations: <none>

TIMING-17#113 Warning
Non-clocked sequential cell  
The clock pin U_sobel/A1/s_FIFO_reg_reg_c_23/C is not reached by a timing clock
Related violations: <none>

TIMING-17#114 Warning
Non-clocked sequential cell  
The clock pin U_sobel/A1/s_FIFO_reg_reg_c_24/C is not reached by a timing clock
Related violations: <none>

TIMING-17#115 Warning
Non-clocked sequential cell  
The clock pin U_sobel/A1/s_FIFO_reg_reg_c_25/C is not reached by a timing clock
Related violations: <none>

TIMING-17#116 Warning
Non-clocked sequential cell  
The clock pin U_sobel/A1/s_FIFO_reg_reg_c_26/C is not reached by a timing clock
Related violations: <none>

TIMING-17#117 Warning
Non-clocked sequential cell  
The clock pin U_sobel/A1/s_FIFO_reg_reg_c_27/C is not reached by a timing clock
Related violations: <none>

TIMING-17#118 Warning
Non-clocked sequential cell  
The clock pin U_sobel/A1/s_FIFO_reg_reg_c_28/C is not reached by a timing clock
Related violations: <none>

TIMING-17#119 Warning
Non-clocked sequential cell  
The clock pin U_sobel/A1/s_FIFO_reg_reg_c_29/C is not reached by a timing clock
Related violations: <none>

TIMING-17#120 Warning
Non-clocked sequential cell  
The clock pin U_sobel/A1/s_FIFO_reg_reg_c_3/C is not reached by a timing clock
Related violations: <none>

TIMING-17#121 Warning
Non-clocked sequential cell  
The clock pin U_sobel/A1/s_FIFO_reg_reg_c_30/C is not reached by a timing clock
Related violations: <none>

TIMING-17#122 Warning
Non-clocked sequential cell  
The clock pin U_sobel/A1/s_FIFO_reg_reg_c_4/C is not reached by a timing clock
Related violations: <none>

TIMING-17#123 Warning
Non-clocked sequential cell  
The clock pin U_sobel/A1/s_FIFO_reg_reg_c_5/C is not reached by a timing clock
Related violations: <none>

TIMING-17#124 Warning
Non-clocked sequential cell  
The clock pin U_sobel/A1/s_FIFO_reg_reg_c_6/C is not reached by a timing clock
Related violations: <none>

TIMING-17#125 Warning
Non-clocked sequential cell  
The clock pin U_sobel/A1/s_FIFO_reg_reg_c_7/C is not reached by a timing clock
Related violations: <none>

TIMING-17#126 Warning
Non-clocked sequential cell  
The clock pin U_sobel/A1/s_FIFO_reg_reg_c_8/C is not reached by a timing clock
Related violations: <none>

TIMING-17#127 Warning
Non-clocked sequential cell  
The clock pin U_sobel/A1/s_FIFO_reg_reg_c_9/C is not reached by a timing clock
Related violations: <none>

TIMING-17#128 Warning
Non-clocked sequential cell  
The clock pin U_sobel/A1/s_ack_reg/C is not reached by a timing clock
Related violations: <none>

TIMING-17#129 Warning
Non-clocked sequential cell  
The clock pin U_sobel/A1/s_neigh_ready_reg/C is not reached by a timing clock
Related violations: <none>

TIMING-17#130 Warning
Non-clocked sequential cell  
The clock pin U_sobel/A2/s_h_ready_reg/C is not reached by a timing clock
Related violations: <none>

TIMING-17#131 Warning
Non-clocked sequential cell  
The clock pin U_sobel/A2/sh_pixel_out_reg[0]/C is not reached by a timing clock
Related violations: <none>

TIMING-17#132 Warning
Non-clocked sequential cell  
The clock pin U_sobel/A2/sh_pixel_out_reg[0]_lopt_replica/C is not reached by a timing clock
Related violations: <none>

TIMING-17#133 Warning
Non-clocked sequential cell  
The clock pin U_sobel/A2/sh_pixel_out_reg[1]/C is not reached by a timing clock
Related violations: <none>

TIMING-17#134 Warning
Non-clocked sequential cell  
The clock pin U_sobel/A2/sh_pixel_out_reg[1]_lopt_replica/C is not reached by a timing clock
Related violations: <none>

TIMING-17#135 Warning
Non-clocked sequential cell  
The clock pin U_sobel/A2/sh_pixel_out_reg[2]/C is not reached by a timing clock
Related violations: <none>

TIMING-17#136 Warning
Non-clocked sequential cell  
The clock pin U_sobel/A2/sh_pixel_out_reg[2]_lopt_replica/C is not reached by a timing clock
Related violations: <none>

TIMING-17#137 Warning
Non-clocked sequential cell  
The clock pin U_sobel/A2/sh_pixel_out_reg[3]/C is not reached by a timing clock
Related violations: <none>

TIMING-17#138 Warning
Non-clocked sequential cell  
The clock pin U_sobel/A2/sh_pixel_out_reg[3]_lopt_replica/C is not reached by a timing clock
Related violations: <none>

TIMING-17#139 Warning
Non-clocked sequential cell  
The clock pin U_sobel/A2/sh_pixel_out_reg[4]/C is not reached by a timing clock
Related violations: <none>

TIMING-17#140 Warning
Non-clocked sequential cell  
The clock pin U_sobel/A2/sh_pixel_out_reg[4]_lopt_replica/C is not reached by a timing clock
Related violations: <none>

TIMING-17#141 Warning
Non-clocked sequential cell  
The clock pin U_sobel/A2/sh_pixel_out_reg[5]/C is not reached by a timing clock
Related violations: <none>

TIMING-17#142 Warning
Non-clocked sequential cell  
The clock pin U_sobel/A2/sh_pixel_out_reg[5]_lopt_replica/C is not reached by a timing clock
Related violations: <none>

TIMING-17#143 Warning
Non-clocked sequential cell  
The clock pin U_sobel/A2/sh_pixel_out_reg[6]/C is not reached by a timing clock
Related violations: <none>

TIMING-17#144 Warning
Non-clocked sequential cell  
The clock pin U_sobel/A2/sh_pixel_out_reg[6]_lopt_replica/C is not reached by a timing clock
Related violations: <none>

TIMING-17#145 Warning
Non-clocked sequential cell  
The clock pin U_sobel/A2/sh_pixel_out_reg[7]/C is not reached by a timing clock
Related violations: <none>

TIMING-17#146 Warning
Non-clocked sequential cell  
The clock pin U_sobel/A2/sh_pixel_out_reg[7]_lopt_replica/C is not reached by a timing clock
Related violations: <none>

TIMING-17#147 Warning
Non-clocked sequential cell  
The clock pin U_sobel/A2/sh_pixel_out_reg[9]/C is not reached by a timing clock
Related violations: <none>

TIMING-17#148 Warning
Non-clocked sequential cell  
The clock pin U_sobel/A2/sh_pixel_out_reg[9]_lopt_replica/C is not reached by a timing clock
Related violations: <none>

TIMING-17#149 Warning
Non-clocked sequential cell  
The clock pin U_sobel/A2/sh_pixel_out_reg[9]_lopt_replica_2/C is not reached by a timing clock
Related violations: <none>

TIMING-17#150 Warning
Non-clocked sequential cell  
The clock pin U_sobel/A3/sv_pixel_out_reg[0]/C is not reached by a timing clock
Related violations: <none>

TIMING-17#151 Warning
Non-clocked sequential cell  
The clock pin U_sobel/A3/sv_pixel_out_reg[0]_lopt_replica/C is not reached by a timing clock
Related violations: <none>

TIMING-17#152 Warning
Non-clocked sequential cell  
The clock pin U_sobel/A3/sv_pixel_out_reg[1]/C is not reached by a timing clock
Related violations: <none>

TIMING-17#153 Warning
Non-clocked sequential cell  
The clock pin U_sobel/A3/sv_pixel_out_reg[1]_lopt_replica/C is not reached by a timing clock
Related violations: <none>

TIMING-17#154 Warning
Non-clocked sequential cell  
The clock pin U_sobel/A3/sv_pixel_out_reg[2]/C is not reached by a timing clock
Related violations: <none>

TIMING-17#155 Warning
Non-clocked sequential cell  
The clock pin U_sobel/A3/sv_pixel_out_reg[2]_lopt_replica/C is not reached by a timing clock
Related violations: <none>

TIMING-17#156 Warning
Non-clocked sequential cell  
The clock pin U_sobel/A3/sv_pixel_out_reg[3]/C is not reached by a timing clock
Related violations: <none>

TIMING-17#157 Warning
Non-clocked sequential cell  
The clock pin U_sobel/A3/sv_pixel_out_reg[3]_lopt_replica/C is not reached by a timing clock
Related violations: <none>

TIMING-17#158 Warning
Non-clocked sequential cell  
The clock pin U_sobel/A3/sv_pixel_out_reg[4]/C is not reached by a timing clock
Related violations: <none>

TIMING-17#159 Warning
Non-clocked sequential cell  
The clock pin U_sobel/A3/sv_pixel_out_reg[4]_lopt_replica/C is not reached by a timing clock
Related violations: <none>

TIMING-17#160 Warning
Non-clocked sequential cell  
The clock pin U_sobel/A3/sv_pixel_out_reg[5]/C is not reached by a timing clock
Related violations: <none>

TIMING-17#161 Warning
Non-clocked sequential cell  
The clock pin U_sobel/A3/sv_pixel_out_reg[5]_lopt_replica/C is not reached by a timing clock
Related violations: <none>

TIMING-17#162 Warning
Non-clocked sequential cell  
The clock pin U_sobel/A3/sv_pixel_out_reg[6]/C is not reached by a timing clock
Related violations: <none>

TIMING-17#163 Warning
Non-clocked sequential cell  
The clock pin U_sobel/A3/sv_pixel_out_reg[6]_lopt_replica/C is not reached by a timing clock
Related violations: <none>

TIMING-17#164 Warning
Non-clocked sequential cell  
The clock pin U_sobel/A3/sv_pixel_out_reg[7]/C is not reached by a timing clock
Related violations: <none>

TIMING-17#165 Warning
Non-clocked sequential cell  
The clock pin U_sobel/A3/sv_pixel_out_reg[7]_lopt_replica/C is not reached by a timing clock
Related violations: <none>

TIMING-17#166 Warning
Non-clocked sequential cell  
The clock pin U_sobel/A3/sv_pixel_out_reg[9]/C is not reached by a timing clock
Related violations: <none>

TIMING-17#167 Warning
Non-clocked sequential cell  
The clock pin U_sobel/A3/sv_pixel_out_reg[9]_lopt_replica/C is not reached by a timing clock
Related violations: <none>

TIMING-17#168 Warning
Non-clocked sequential cell  
The clock pin U_sobel/A3/sv_pixel_out_reg[9]_lopt_replica_2/C is not reached by a timing clock
Related violations: <none>

TIMING-17#169 Warning
Non-clocked sequential cell  
The clock pin U_sobel/ack_out_reg/C is not reached by a timing clock
Related violations: <none>

TIMING-17#170 Warning
Non-clocked sequential cell  
The clock pin U_sobel/h_aux_ready_reg/C is not reached by a timing clock
Related violations: <none>

TIMING-17#171 Warning
Non-clocked sequential cell  
The clock pin U_sobel/s_cont_pixel_reg[0]/C is not reached by a timing clock
Related violations: <none>

TIMING-17#172 Warning
Non-clocked sequential cell  
The clock pin U_sobel/s_cont_pixel_reg[1]/C is not reached by a timing clock
Related violations: <none>

TIMING-17#173 Warning
Non-clocked sequential cell  
The clock pin U_sobel/s_cont_pixel_reg[2]/C is not reached by a timing clock
Related violations: <none>

TIMING-17#174 Warning
Non-clocked sequential cell  
The clock pin U_sobel/s_start_reg/C is not reached by a timing clock
Related violations: <none>

TIMING-17#175 Warning
Non-clocked sequential cell  
The clock pin hog_block_histogram_inst/FSM_onehot_step_counter_reg[0]/C is not reached by a timing clock
Related violations: <none>

TIMING-17#176 Warning
Non-clocked sequential cell  
The clock pin hog_block_histogram_inst/FSM_onehot_step_counter_reg[1]/C is not reached by a timing clock
Related violations: <none>

TIMING-17#177 Warning
Non-clocked sequential cell  
The clock pin hog_block_histogram_inst/FSM_onehot_step_counter_reg[2]/C is not reached by a timing clock
Related violations: <none>

TIMING-17#178 Warning
Non-clocked sequential cell  
The clock pin hog_block_histogram_inst/FSM_onehot_step_counter_reg[3]/C is not reached by a timing clock
Related violations: <none>

TIMING-17#179 Warning
Non-clocked sequential cell  
The clock pin hog_block_histogram_inst/processing_reg/C is not reached by a timing clock
Related violations: <none>

TIMING-17#180 Warning
Non-clocked sequential cell  
The clock pin hog_block_histogram_inst/valid_block_reg/C is not reached by a timing clock
Related violations: <none>

TIMING-17#181 Warning
Non-clocked sequential cell  
The clock pin hog_cell_histogram_inst/B[0]/C is not reached by a timing clock
Related violations: <none>

TIMING-17#182 Warning
Non-clocked sequential cell  
The clock pin hog_cell_histogram_inst/B[1]/C is not reached by a timing clock
Related violations: <none>

TIMING-17#183 Warning
Non-clocked sequential cell  
The clock pin hog_cell_histogram_inst/a_reg[0]/C is not reached by a timing clock
Related violations: <none>

TIMING-17#184 Warning
Non-clocked sequential cell  
The clock pin hog_cell_histogram_inst/a_reg[1]/C is not reached by a timing clock
Related violations: <none>

TIMING-17#185 Warning
Non-clocked sequential cell  
The clock pin hog_cell_histogram_inst/a_reg[2]/C is not reached by a timing clock
Related violations: <none>

TIMING-17#186 Warning
Non-clocked sequential cell  
The clock pin hog_cell_histogram_inst/a_reg[3]/C is not reached by a timing clock
Related violations: <none>

TIMING-17#187 Warning
Non-clocked sequential cell  
The clock pin hog_cell_histogram_inst/a_reg[4]/C is not reached by a timing clock
Related violations: <none>

TIMING-17#188 Warning
Non-clocked sequential cell  
The clock pin hog_cell_histogram_inst/a_reg[5]/C is not reached by a timing clock
Related violations: <none>

TIMING-17#189 Warning
Non-clocked sequential cell  
The clock pin hog_cell_histogram_inst/a_reg[6]/C is not reached by a timing clock
Related violations: <none>

TIMING-17#190 Warning
Non-clocked sequential cell  
The clock pin hog_cell_histogram_inst/a_reg[7]/C is not reached by a timing clock
Related violations: <none>

TIMING-17#191 Warning
Non-clocked sequential cell  
The clock pin hog_cell_histogram_inst/a_reg[8]/C is not reached by a timing clock
Related violations: <none>

TIMING-17#192 Warning
Non-clocked sequential cell  
The clock pin hog_cell_histogram_inst/abs_Gx_reg[0]/C is not reached by a timing clock
Related violations: <none>

TIMING-17#193 Warning
Non-clocked sequential cell  
The clock pin hog_cell_histogram_inst/abs_Gx_reg[1]/C is not reached by a timing clock
Related violations: <none>

TIMING-17#194 Warning
Non-clocked sequential cell  
The clock pin hog_cell_histogram_inst/abs_Gx_reg[2]/C is not reached by a timing clock
Related violations: <none>

TIMING-17#195 Warning
Non-clocked sequential cell  
The clock pin hog_cell_histogram_inst/abs_Gx_reg[3]/C is not reached by a timing clock
Related violations: <none>

TIMING-17#196 Warning
Non-clocked sequential cell  
The clock pin hog_cell_histogram_inst/abs_Gx_reg[4]/C is not reached by a timing clock
Related violations: <none>

TIMING-17#197 Warning
Non-clocked sequential cell  
The clock pin hog_cell_histogram_inst/abs_Gx_reg[5]/C is not reached by a timing clock
Related violations: <none>

TIMING-17#198 Warning
Non-clocked sequential cell  
The clock pin hog_cell_histogram_inst/abs_Gx_reg[6]/C is not reached by a timing clock
Related violations: <none>

TIMING-17#199 Warning
Non-clocked sequential cell  
The clock pin hog_cell_histogram_inst/abs_Gx_reg[7]/C is not reached by a timing clock
Related violations: <none>

TIMING-17#200 Warning
Non-clocked sequential cell  
The clock pin hog_cell_histogram_inst/abs_Gx_reg[8]/C is not reached by a timing clock
Related violations: <none>

TIMING-17#201 Warning
Non-clocked sequential cell  
The clock pin hog_cell_histogram_inst/abs_Gy_reg[0]/C is not reached by a timing clock
Related violations: <none>

TIMING-17#202 Warning
Non-clocked sequential cell  
The clock pin hog_cell_histogram_inst/abs_Gy_reg[1]/C is not reached by a timing clock
Related violations: <none>

TIMING-17#203 Warning
Non-clocked sequential cell  
The clock pin hog_cell_histogram_inst/abs_Gy_reg[2]/C is not reached by a timing clock
Related violations: <none>

TIMING-17#204 Warning
Non-clocked sequential cell  
The clock pin hog_cell_histogram_inst/abs_Gy_reg[3]/C is not reached by a timing clock
Related violations: <none>

TIMING-17#205 Warning
Non-clocked sequential cell  
The clock pin hog_cell_histogram_inst/abs_Gy_reg[4]/C is not reached by a timing clock
Related violations: <none>

TIMING-17#206 Warning
Non-clocked sequential cell  
The clock pin hog_cell_histogram_inst/abs_Gy_reg[5]/C is not reached by a timing clock
Related violations: <none>

TIMING-17#207 Warning
Non-clocked sequential cell  
The clock pin hog_cell_histogram_inst/abs_Gy_reg[6]/C is not reached by a timing clock
Related violations: <none>

TIMING-17#208 Warning
Non-clocked sequential cell  
The clock pin hog_cell_histogram_inst/abs_Gy_reg[7]/C is not reached by a timing clock
Related violations: <none>

TIMING-17#209 Warning
Non-clocked sequential cell  
The clock pin hog_cell_histogram_inst/abs_Gy_reg[8]/C is not reached by a timing clock
Related violations: <none>

TIMING-17#210 Warning
Non-clocked sequential cell  
The clock pin hog_cell_histogram_inst/b_reg[1]/C is not reached by a timing clock
Related violations: <none>

TIMING-17#211 Warning
Non-clocked sequential cell  
The clock pin hog_cell_histogram_inst/b_reg[2]/C is not reached by a timing clock
Related violations: <none>

TIMING-17#212 Warning
Non-clocked sequential cell  
The clock pin hog_cell_histogram_inst/b_reg[3]/C is not reached by a timing clock
Related violations: <none>

TIMING-17#213 Warning
Non-clocked sequential cell  
The clock pin hog_cell_histogram_inst/b_reg[4]/C is not reached by a timing clock
Related violations: <none>

TIMING-17#214 Warning
Non-clocked sequential cell  
The clock pin hog_cell_histogram_inst/b_reg[5]/C is not reached by a timing clock
Related violations: <none>

TIMING-17#215 Warning
Non-clocked sequential cell  
The clock pin hog_cell_histogram_inst/b_reg[6]/C is not reached by a timing clock
Related violations: <none>

TIMING-17#216 Warning
Non-clocked sequential cell  
The clock pin hog_cell_histogram_inst/b_reg[7]/C is not reached by a timing clock
Related violations: <none>

TIMING-17#217 Warning
Non-clocked sequential cell  
The clock pin hog_cell_histogram_inst/b_reg[8]/C is not reached by a timing clock
Related violations: <none>

TIMING-17#218 Warning
Non-clocked sequential cell  
The clock pin hog_cell_histogram_inst/bin_complete_reg/C is not reached by a timing clock
Related violations: <none>

TIMING-17#219 Warning
Non-clocked sequential cell  
The clock pin hog_cell_histogram_inst/calc_counter_reg[0]/C is not reached by a timing clock
Related violations: <none>

TIMING-17#220 Warning
Non-clocked sequential cell  
The clock pin hog_cell_histogram_inst/calc_counter_reg[10]/C is not reached by a timing clock
Related violations: <none>

TIMING-17#221 Warning
Non-clocked sequential cell  
The clock pin hog_cell_histogram_inst/calc_counter_reg[11]/C is not reached by a timing clock
Related violations: <none>

TIMING-17#222 Warning
Non-clocked sequential cell  
The clock pin hog_cell_histogram_inst/calc_counter_reg[12]/C is not reached by a timing clock
Related violations: <none>

TIMING-17#223 Warning
Non-clocked sequential cell  
The clock pin hog_cell_histogram_inst/calc_counter_reg[13]/C is not reached by a timing clock
Related violations: <none>

TIMING-17#224 Warning
Non-clocked sequential cell  
The clock pin hog_cell_histogram_inst/calc_counter_reg[14]/C is not reached by a timing clock
Related violations: <none>

TIMING-17#225 Warning
Non-clocked sequential cell  
The clock pin hog_cell_histogram_inst/calc_counter_reg[15]/C is not reached by a timing clock
Related violations: <none>

TIMING-17#226 Warning
Non-clocked sequential cell  
The clock pin hog_cell_histogram_inst/calc_counter_reg[16]/C is not reached by a timing clock
Related violations: <none>

TIMING-17#227 Warning
Non-clocked sequential cell  
The clock pin hog_cell_histogram_inst/calc_counter_reg[17]/C is not reached by a timing clock
Related violations: <none>

TIMING-17#228 Warning
Non-clocked sequential cell  
The clock pin hog_cell_histogram_inst/calc_counter_reg[18]/C is not reached by a timing clock
Related violations: <none>

TIMING-17#229 Warning
Non-clocked sequential cell  
The clock pin hog_cell_histogram_inst/calc_counter_reg[19]/C is not reached by a timing clock
Related violations: <none>

TIMING-17#230 Warning
Non-clocked sequential cell  
The clock pin hog_cell_histogram_inst/calc_counter_reg[1]/C is not reached by a timing clock
Related violations: <none>

TIMING-17#231 Warning
Non-clocked sequential cell  
The clock pin hog_cell_histogram_inst/calc_counter_reg[20]/C is not reached by a timing clock
Related violations: <none>

TIMING-17#232 Warning
Non-clocked sequential cell  
The clock pin hog_cell_histogram_inst/calc_counter_reg[21]/C is not reached by a timing clock
Related violations: <none>

TIMING-17#233 Warning
Non-clocked sequential cell  
The clock pin hog_cell_histogram_inst/calc_counter_reg[22]/C is not reached by a timing clock
Related violations: <none>

TIMING-17#234 Warning
Non-clocked sequential cell  
The clock pin hog_cell_histogram_inst/calc_counter_reg[23]/C is not reached by a timing clock
Related violations: <none>

TIMING-17#235 Warning
Non-clocked sequential cell  
The clock pin hog_cell_histogram_inst/calc_counter_reg[24]/C is not reached by a timing clock
Related violations: <none>

TIMING-17#236 Warning
Non-clocked sequential cell  
The clock pin hog_cell_histogram_inst/calc_counter_reg[25]/C is not reached by a timing clock
Related violations: <none>

TIMING-17#237 Warning
Non-clocked sequential cell  
The clock pin hog_cell_histogram_inst/calc_counter_reg[26]/C is not reached by a timing clock
Related violations: <none>

TIMING-17#238 Warning
Non-clocked sequential cell  
The clock pin hog_cell_histogram_inst/calc_counter_reg[27]/C is not reached by a timing clock
Related violations: <none>

TIMING-17#239 Warning
Non-clocked sequential cell  
The clock pin hog_cell_histogram_inst/calc_counter_reg[28]/C is not reached by a timing clock
Related violations: <none>

TIMING-17#240 Warning
Non-clocked sequential cell  
The clock pin hog_cell_histogram_inst/calc_counter_reg[29]/C is not reached by a timing clock
Related violations: <none>

TIMING-17#241 Warning
Non-clocked sequential cell  
The clock pin hog_cell_histogram_inst/calc_counter_reg[2]/C is not reached by a timing clock
Related violations: <none>

TIMING-17#242 Warning
Non-clocked sequential cell  
The clock pin hog_cell_histogram_inst/calc_counter_reg[30]/C is not reached by a timing clock
Related violations: <none>

TIMING-17#243 Warning
Non-clocked sequential cell  
The clock pin hog_cell_histogram_inst/calc_counter_reg[31]/C is not reached by a timing clock
Related violations: <none>

TIMING-17#244 Warning
Non-clocked sequential cell  
The clock pin hog_cell_histogram_inst/calc_counter_reg[3]/C is not reached by a timing clock
Related violations: <none>

TIMING-17#245 Warning
Non-clocked sequential cell  
The clock pin hog_cell_histogram_inst/calc_counter_reg[4]/C is not reached by a timing clock
Related violations: <none>

TIMING-17#246 Warning
Non-clocked sequential cell  
The clock pin hog_cell_histogram_inst/calc_counter_reg[5]/C is not reached by a timing clock
Related violations: <none>

TIMING-17#247 Warning
Non-clocked sequential cell  
The clock pin hog_cell_histogram_inst/calc_counter_reg[6]/C is not reached by a timing clock
Related violations: <none>

TIMING-17#248 Warning
Non-clocked sequential cell  
The clock pin hog_cell_histogram_inst/calc_counter_reg[7]/C is not reached by a timing clock
Related violations: <none>

TIMING-17#249 Warning
Non-clocked sequential cell  
The clock pin hog_cell_histogram_inst/calc_counter_reg[8]/C is not reached by a timing clock
Related violations: <none>

TIMING-17#250 Warning
Non-clocked sequential cell  
The clock pin hog_cell_histogram_inst/calc_counter_reg[9]/C is not reached by a timing clock
Related violations: <none>

TIMING-17#251 Warning
Non-clocked sequential cell  
The clock pin hog_cell_histogram_inst/cell_idx_reg[0]/C is not reached by a timing clock
Related violations: <none>

TIMING-17#252 Warning
Non-clocked sequential cell  
The clock pin hog_cell_histogram_inst/cell_idx_reg[1]/C is not reached by a timing clock
Related violations: <none>

TIMING-17#253 Warning
Non-clocked sequential cell  
The clock pin hog_cell_histogram_inst/cell_idx_reg[2]/C is not reached by a timing clock
Related violations: <none>

TIMING-17#254 Warning
Non-clocked sequential cell  
The clock pin hog_cell_histogram_inst/cell_idx_reg[3]/C is not reached by a timing clock
Related violations: <none>

TIMING-17#255 Warning
Non-clocked sequential cell  
The clock pin hog_cell_histogram_inst/cell_x_counter_reg[0]/C is not reached by a timing clock
Related violations: <none>

TIMING-17#256 Warning
Non-clocked sequential cell  
The clock pin hog_cell_histogram_inst/cell_x_counter_reg[1]/C is not reached by a timing clock
Related violations: <none>

TIMING-17#257 Warning
Non-clocked sequential cell  
The clock pin hog_cell_histogram_inst/cell_y_counter_reg[0]/C is not reached by a timing clock
Related violations: <none>

TIMING-17#258 Warning
Non-clocked sequential cell  
The clock pin hog_cell_histogram_inst/cell_y_counter_reg[1]/C is not reached by a timing clock
Related violations: <none>

TIMING-17#259 Warning
Non-clocked sequential cell  
The clock pin hog_cell_histogram_inst/contador_reg[0]/C is not reached by a timing clock
Related violations: <none>

TIMING-17#260 Warning
Non-clocked sequential cell  
The clock pin hog_cell_histogram_inst/contador_reg[1]/C is not reached by a timing clock
Related violations: <none>

TIMING-17#261 Warning
Non-clocked sequential cell  
The clock pin hog_cell_histogram_inst/histogram_complete_reg/C is not reached by a timing clock
Related violations: <none>

TIMING-17#262 Warning
Non-clocked sequential cell  
The clock pin hog_cell_histogram_inst/lock_reg/C is not reached by a timing clock
Related violations: <none>

TIMING-17#263 Warning
Non-clocked sequential cell  
The clock pin hog_cell_histogram_inst/mag_complete_reg/C is not reached by a timing clock
Related violations: <none>

TIMING-17#264 Warning
Non-clocked sequential cell  
The clock pin hog_cell_histogram_inst/mag_complete_reg_lopt_replica/C is not reached by a timing clock
Related violations: <none>

TIMING-17#265 Warning
Non-clocked sequential cell  
The clock pin hog_cell_histogram_inst/prev_cell_idx2_reg[0]/C is not reached by a timing clock
Related violations: <none>

TIMING-17#266 Warning
Non-clocked sequential cell  
The clock pin hog_cell_histogram_inst/prev_cell_idx2_reg[1]/C is not reached by a timing clock
Related violations: <none>

TIMING-17#267 Warning
Non-clocked sequential cell  
The clock pin hog_cell_histogram_inst/prev_cell_idx2_reg[2]/C is not reached by a timing clock
Related violations: <none>

TIMING-17#268 Warning
Non-clocked sequential cell  
The clock pin hog_cell_histogram_inst/prev_cell_idx2_reg[3]/C is not reached by a timing clock
Related violations: <none>

TIMING-17#269 Warning
Non-clocked sequential cell  
The clock pin hog_cell_histogram_inst/prev_cell_idx_reg[0]/C is not reached by a timing clock
Related violations: <none>

TIMING-17#270 Warning
Non-clocked sequential cell  
The clock pin hog_cell_histogram_inst/prev_cell_idx_reg[1]/C is not reached by a timing clock
Related violations: <none>

TIMING-17#271 Warning
Non-clocked sequential cell  
The clock pin hog_cell_histogram_inst/prev_cell_idx_reg[2]/C is not reached by a timing clock
Related violations: <none>

TIMING-17#272 Warning
Non-clocked sequential cell  
The clock pin hog_cell_histogram_inst/prev_cell_idx_reg[3]/C is not reached by a timing clock
Related violations: <none>

TIMING-17#273 Warning
Non-clocked sequential cell  
The clock pin hog_cell_histogram_inst/prev_cell_x_counter_reg[0]/C is not reached by a timing clock
Related violations: <none>

TIMING-17#274 Warning
Non-clocked sequential cell  
The clock pin hog_cell_histogram_inst/prev_cell_x_counter_reg[1]/C is not reached by a timing clock
Related violations: <none>

TIMING-17#275 Warning
Non-clocked sequential cell  
The clock pin hog_cell_histogram_inst/s_mag_reg[0]/C is not reached by a timing clock
Related violations: <none>

TIMING-17#276 Warning
Non-clocked sequential cell  
The clock pin hog_cell_histogram_inst/s_mag_reg[1]/C is not reached by a timing clock
Related violations: <none>

TIMING-17#277 Warning
Non-clocked sequential cell  
The clock pin hog_cell_histogram_inst/s_mag_reg[2]/C is not reached by a timing clock
Related violations: <none>

TIMING-17#278 Warning
Non-clocked sequential cell  
The clock pin hog_cell_histogram_inst/s_mag_reg[3]/C is not reached by a timing clock
Related violations: <none>

TIMING-17#279 Warning
Non-clocked sequential cell  
The clock pin hog_cell_histogram_inst/s_mag_reg[4]/C is not reached by a timing clock
Related violations: <none>

TIMING-17#280 Warning
Non-clocked sequential cell  
The clock pin hog_cell_histogram_inst/s_mag_reg[5]/C is not reached by a timing clock
Related violations: <none>

TIMING-17#281 Warning
Non-clocked sequential cell  
The clock pin hog_cell_histogram_inst/s_mag_reg[6]/C is not reached by a timing clock
Related violations: <none>

TIMING-17#282 Warning
Non-clocked sequential cell  
The clock pin hog_cell_histogram_inst/s_mag_reg[7]/C is not reached by a timing clock
Related violations: <none>

TIMING-17#283 Warning
Non-clocked sequential cell  
The clock pin hog_cell_histogram_inst/s_mag_reg[8]/C is not reached by a timing clock
Related violations: <none>

TIMING-17#284 Warning
Non-clocked sequential cell  
The clock pin hog_cell_histogram_inst/s_mag_reg[9]/C is not reached by a timing clock
Related violations: <none>

TIMING-17#285 Warning
Non-clocked sequential cell  
The clock pin hog_cell_histogram_inst/s_start_reg/C is not reached by a timing clock
Related violations: <none>

TIMING-17#286 Warning
Non-clocked sequential cell  
The clock pin hog_cell_histogram_inst/temp1_reg[0]/C is not reached by a timing clock
Related violations: <none>

TIMING-17#287 Warning
Non-clocked sequential cell  
The clock pin hog_cell_histogram_inst/temp1_reg[1]/C is not reached by a timing clock
Related violations: <none>

TIMING-17#288 Warning
Non-clocked sequential cell  
The clock pin hog_cell_histogram_inst/temp1_reg[2]/C is not reached by a timing clock
Related violations: <none>

TIMING-17#289 Warning
Non-clocked sequential cell  
The clock pin hog_cell_histogram_inst/temp1_reg[3]/C is not reached by a timing clock
Related violations: <none>

TIMING-17#290 Warning
Non-clocked sequential cell  
The clock pin hog_cell_histogram_inst/temp1_reg[4]/C is not reached by a timing clock
Related violations: <none>

TIMING-17#291 Warning
Non-clocked sequential cell  
The clock pin hog_cell_histogram_inst/temp1_reg[5]/C is not reached by a timing clock
Related violations: <none>

TIMING-17#292 Warning
Non-clocked sequential cell  
The clock pin hog_cell_histogram_inst/temp1_reg[6]/C is not reached by a timing clock
Related violations: <none>

TIMING-17#293 Warning
Non-clocked sequential cell  
The clock pin hog_cell_histogram_inst/temp1_reg[7]/C is not reached by a timing clock
Related violations: <none>

TIMING-17#294 Warning
Non-clocked sequential cell  
The clock pin hog_cell_histogram_inst/temp1_reg[8]/C is not reached by a timing clock
Related violations: <none>

TIMING-17#295 Warning
Non-clocked sequential cell  
The clock pin hog_cell_histogram_inst/temp1_reg[9]/C is not reached by a timing clock
Related violations: <none>

TIMING-17#296 Warning
Non-clocked sequential cell  
The clock pin hog_cell_histogram_inst/temp2_reg[0]/C is not reached by a timing clock
Related violations: <none>

TIMING-17#297 Warning
Non-clocked sequential cell  
The clock pin hog_cell_histogram_inst/temp2_reg[1]/C is not reached by a timing clock
Related violations: <none>

TIMING-17#298 Warning
Non-clocked sequential cell  
The clock pin hog_cell_histogram_inst/temp2_reg[2]/C is not reached by a timing clock
Related violations: <none>

TIMING-17#299 Warning
Non-clocked sequential cell  
The clock pin hog_cell_histogram_inst/temp2_reg[3]/C is not reached by a timing clock
Related violations: <none>

TIMING-17#300 Warning
Non-clocked sequential cell  
The clock pin hog_cell_histogram_inst/temp2_reg[4]/C is not reached by a timing clock
Related violations: <none>

TIMING-17#301 Warning
Non-clocked sequential cell  
The clock pin hog_cell_histogram_inst/temp2_reg[5]/C is not reached by a timing clock
Related violations: <none>

TIMING-17#302 Warning
Non-clocked sequential cell  
The clock pin hog_cell_histogram_inst/temp2_reg[6]/C is not reached by a timing clock
Related violations: <none>

TIMING-17#303 Warning
Non-clocked sequential cell  
The clock pin hog_cell_histogram_inst/temp2_reg[7]/C is not reached by a timing clock
Related violations: <none>

TIMING-17#304 Warning
Non-clocked sequential cell  
The clock pin hog_cell_histogram_inst/x_counter_reg[0]/C is not reached by a timing clock
Related violations: <none>

TIMING-17#305 Warning
Non-clocked sequential cell  
The clock pin hog_cell_histogram_inst/x_counter_reg[1]/C is not reached by a timing clock
Related violations: <none>

TIMING-17#306 Warning
Non-clocked sequential cell  
The clock pin hog_cell_histogram_inst/x_counter_reg[2]/C is not reached by a timing clock
Related violations: <none>

TIMING-17#307 Warning
Non-clocked sequential cell  
The clock pin hog_cell_histogram_inst/x_counter_reg[3]/C is not reached by a timing clock
Related violations: <none>

TIMING-17#308 Warning
Non-clocked sequential cell  
The clock pin hog_cell_histogram_inst/x_counter_reg[4]/C is not reached by a timing clock
Related violations: <none>

TIMING-17#309 Warning
Non-clocked sequential cell  
The clock pin hog_cell_histogram_inst/y_counter_reg[0]/C is not reached by a timing clock
Related violations: <none>

TIMING-17#310 Warning
Non-clocked sequential cell  
The clock pin hog_cell_histogram_inst/y_counter_reg[1]/C is not reached by a timing clock
Related violations: <none>

TIMING-17#311 Warning
Non-clocked sequential cell  
The clock pin hog_cell_histogram_inst/y_counter_reg[2]/C is not reached by a timing clock
Related violations: <none>

TIMING-17#312 Warning
Non-clocked sequential cell  
The clock pin hog_cell_histogram_inst/y_counter_reg[3]/C is not reached by a timing clock
Related violations: <none>

TIMING-17#313 Warning
Non-clocked sequential cell  
The clock pin hog_cell_histogram_inst/y_counter_reg[4]/C is not reached by a timing clock
Related violations: <none>

TIMING-17#314 Warning
Non-clocked sequential cell  
The clock pin s_contador_reg[0]/C is not reached by a timing clock
Related violations: <none>

TIMING-17#315 Warning
Non-clocked sequential cell  
The clock pin s_contador_reg[1]/C is not reached by a timing clock
Related violations: <none>

TIMING-17#316 Warning
Non-clocked sequential cell  
The clock pin s_contador_reg[2]/C is not reached by a timing clock
Related violations: <none>

TIMING-17#317 Warning
Non-clocked sequential cell  
The clock pin s_contador_reg[3]/C is not reached by a timing clock
Related violations: <none>

TIMING-17#318 Warning
Non-clocked sequential cell  
The clock pin s_start_bina_reg/C is not reached by a timing clock
Related violations: <none>

TIMING-17#319 Warning
Non-clocked sequential cell  
The clock pin serialized_valid_reg/C is not reached by a timing clock
Related violations: <none>


